[INFO] [2018-07-17 22:33:03] Rank 1 running on host n0036.savio2.
[INFO] [2018-07-17 22:33:06] Rank 1/2: Begin of configuration and initialization.
[INFO] [2018-07-17 22:33:22] Rank 1/2: End of configration and initialization.
[INFO] [2018-07-17 22:33:22] Rank 1/2: Begin of training.
[DEBUG] [2018-07-17 22:33:22] Request params. start = 1, end = 640168
[INFO] [2018-07-17 22:33:24] Rank = 1, Iter = 0, Block = 0, Slice = 0
[INFO] [2018-07-17 22:33:25] Rank = 1, Alias Time used: 0.68 s 
[INFO] [2018-07-17 22:35:01] Rank = 1, Training Time used: 95.70 s 
[INFO] [2018-07-17 22:35:01] Rank = 1, sampling throughput: 23954.052363 (tokens/thread/sec) 
[INFO] [2018-07-17 22:36:55] doc likelihood : -2.386822e+08
[INFO] [2018-07-17 22:36:56] Normalized likelihood : -1.943281e+09
[INFO] [2018-07-17 22:36:56] word likelihood : 8.634109e+08
[INFO] [2018-07-17 22:36:56] Rank = 1, Evaluation Time used: 114.04 s 
[DEBUG] [2018-07-17 22:36:56] Request params. start = 1, end = 640168
[INFO] [2018-07-17 22:37:01] Rank = 1, Iter = 1, Block = 0, Slice = 0
[INFO] [2018-07-17 22:37:02] Rank = 1, Alias Time used: 0.71 s 
[INFO] [2018-07-17 22:38:38] Rank = 1, Training Time used: 95.83 s 
[INFO] [2018-07-17 22:38:38] Rank = 1, sampling throughput: 23951.554026 (tokens/thread/sec) 
[DEBUG] [2018-07-17 22:38:39] Request params. start = 1, end = 640168
[INFO] [2018-07-17 22:38:51] Rank = 1, Iter = 2, Block = 0, Slice = 0
[INFO] [2018-07-17 22:38:52] Rank = 1, Alias Time used: 0.64 s 
[INFO] [2018-07-17 22:40:26] Rank = 1, Training Time used: 93.60 s 
[INFO] [2018-07-17 22:40:26] Rank = 1, sampling throughput: 24524.508757 (tokens/thread/sec) 
[DEBUG] [2018-07-17 22:40:26] Request params. start = 1, end = 640168
[INFO] [2018-07-17 22:40:39] Rank = 1, Iter = 3, Block = 0, Slice = 0
[INFO] [2018-07-17 22:40:40] Rank = 1, Alias Time used: 0.64 s 
[INFO] [2018-07-17 22:42:15] Rank = 1, Training Time used: 94.67 s 
[INFO] [2018-07-17 22:42:15] Rank = 1, sampling throughput: 24234.645420 (tokens/thread/sec) 
[DEBUG] [2018-07-17 22:42:16] Request params. start = 1, end = 640168
[INFO] [2018-07-17 22:42:31] Rank = 1, Iter = 4, Block = 0, Slice = 0
[INFO] [2018-07-17 22:42:31] Rank = 1, Alias Time used: 0.72 s 
[INFO] [2018-07-17 22:44:06] Rank = 1, Training Time used: 94.36 s 
[INFO] [2018-07-17 22:44:06] Rank = 1, sampling throughput: 24329.642971 (tokens/thread/sec) 
[DEBUG] [2018-07-17 22:44:07] Request params. start = 1, end = 640168
[INFO] [2018-07-17 22:44:21] Rank = 1, Iter = 5, Block = 0, Slice = 0
[INFO] [2018-07-17 22:44:21] Rank = 1, Alias Time used: 0.72 s 
[INFO] [2018-07-17 22:45:56] Rank = 1, Training Time used: 94.63 s 
[INFO] [2018-07-17 22:45:57] Rank = 1, sampling throughput: 24224.419831 (tokens/thread/sec) 
[INFO] [2018-07-17 22:47:47] doc likelihood : -2.152559e+08
[INFO] [2018-07-17 22:47:47] Normalized likelihood : -1.943281e+09
[INFO] [2018-07-17 22:47:47] word likelihood : 8.731015e+08
[INFO] [2018-07-17 22:47:47] Rank = 1, Evaluation Time used: 110.16 s 
[DEBUG] [2018-07-17 22:47:47] Request params. start = 1, end = 640168
[INFO] [2018-07-17 22:47:52] Rank = 1, Iter = 6, Block = 0, Slice = 0
[INFO] [2018-07-17 22:47:53] Rank = 1, Alias Time used: 0.67 s 
[INFO] [2018-07-17 22:49:27] Rank = 1, Training Time used: 93.97 s 
[INFO] [2018-07-17 22:49:27] Rank = 1, sampling throughput: 24430.585106 (tokens/thread/sec) 
[DEBUG] [2018-07-17 22:49:28] Request params. start = 1, end = 640168
[INFO] [2018-07-17 22:49:43] Rank = 1, Iter = 7, Block = 0, Slice = 0
[INFO] [2018-07-17 22:49:44] Rank = 1, Alias Time used: 0.63 s 
[INFO] [2018-07-17 22:51:19] Rank = 1, Training Time used: 94.39 s 
[INFO] [2018-07-17 22:51:19] Rank = 1, sampling throughput: 24324.488931 (tokens/thread/sec) 
[DEBUG] [2018-07-17 22:51:19] Request params. start = 1, end = 640168
[INFO] [2018-07-17 22:51:33] Rank = 1, Iter = 8, Block = 0, Slice = 0
[INFO] [2018-07-17 22:51:34] Rank = 1, Alias Time used: 0.64 s 
[INFO] [2018-07-17 22:53:08] Rank = 1, Training Time used: 94.13 s 
[INFO] [2018-07-17 22:53:08] Rank = 1, sampling throughput: 24389.071793 (tokens/thread/sec) 
[DEBUG] [2018-07-17 22:53:09] Request params. start = 1, end = 640168
[INFO] [2018-07-17 22:53:22] Rank = 1, Iter = 9, Block = 0, Slice = 0
[INFO] [2018-07-17 22:53:23] Rank = 1, Alias Time used: 0.67 s 
[INFO] [2018-07-17 22:54:57] Rank = 1, Training Time used: 94.34 s 
[INFO] [2018-07-17 22:54:57] Rank = 1, sampling throughput: 24337.378126 (tokens/thread/sec) 
[DEBUG] [2018-07-17 22:54:58] Request params. start = 1, end = 640168
[INFO] [2018-07-17 22:55:10] Rank = 1, Iter = 10, Block = 0, Slice = 0
[INFO] [2018-07-17 22:55:10] Rank = 1, Alias Time used: 0.58 s 
[INFO] [2018-07-17 22:56:45] Rank = 1, Training Time used: 94.15 s 
[INFO] [2018-07-17 22:56:45] Rank = 1, sampling throughput: 24378.715499 (tokens/thread/sec) 
[INFO] [2018-07-17 22:58:34] doc likelihood : -2.126450e+08
[INFO] [2018-07-17 22:58:35] Normalized likelihood : -1.943287e+09
[INFO] [2018-07-17 22:58:35] word likelihood : 8.788230e+08
[INFO] [2018-07-17 22:58:35] Rank = 1, Evaluation Time used: 109.39 s 
[DEBUG] [2018-07-17 22:58:35] Request params. start = 1, end = 640168
[INFO] [2018-07-17 22:58:38] Rank = 1, Iter = 11, Block = 0, Slice = 0
[INFO] [2018-07-17 22:58:39] Rank = 1, Alias Time used: 0.68 s 
[INFO] [2018-07-17 23:00:13] Rank = 1, Training Time used: 94.43 s 
[INFO] [2018-07-17 23:00:13] Rank = 1, sampling throughput: 24301.322751 (tokens/thread/sec) 
[DEBUG] [2018-07-17 23:00:14] Request params. start = 1, end = 640168
[INFO] [2018-07-17 23:00:26] Rank = 1, Iter = 12, Block = 0, Slice = 0
[INFO] [2018-07-17 23:00:26] Rank = 1, Alias Time used: 0.59 s 
[INFO] [2018-07-17 23:02:00] Rank = 1, Training Time used: 93.12 s 
[INFO] [2018-07-17 23:02:00] Rank = 1, sampling throughput: 24658.810265 (tokens/thread/sec) 
[DEBUG] [2018-07-17 23:02:01] Request params. start = 1, end = 640168
[INFO] [2018-07-17 23:02:12] Rank = 1, Iter = 13, Block = 0, Slice = 0
[INFO] [2018-07-17 23:02:13] Rank = 1, Alias Time used: 0.59 s 
[INFO] [2018-07-17 23:03:48] Rank = 1, Training Time used: 94.16 s 
[INFO] [2018-07-17 23:03:48] Rank = 1, sampling throughput: 24386.481894 (tokens/thread/sec) 
[DEBUG] [2018-07-17 23:03:48] Request params. start = 1, end = 640168
[INFO] [2018-07-17 23:04:01] Rank = 1, Iter = 14, Block = 0, Slice = 0
[INFO] [2018-07-17 23:04:01] Rank = 1, Alias Time used: 0.58 s 
[INFO] [2018-07-17 23:05:35] Rank = 1, Training Time used: 92.94 s 
[INFO] [2018-07-17 23:05:35] Rank = 1, sampling throughput: 24677.358693 (tokens/thread/sec) 
[DEBUG] [2018-07-17 23:05:36] Request params. start = 1, end = 640168
[INFO] [2018-07-17 23:05:47] Rank = 1, Iter = 15, Block = 0, Slice = 0
[INFO] [2018-07-17 23:05:48] Rank = 1, Alias Time used: 0.66 s 
[INFO] [2018-07-17 23:07:22] Rank = 1, Training Time used: 93.15 s 
[INFO] [2018-07-17 23:07:22] Rank = 1, sampling throughput: 24627.077748 (tokens/thread/sec) 
[INFO] [2018-07-17 23:09:12] doc likelihood : -2.030331e+08
[INFO] [2018-07-17 23:09:12] Normalized likelihood : -1.943915e+09
[INFO] [2018-07-17 23:09:12] word likelihood : 8.949293e+08
[INFO] [2018-07-17 23:09:12] Rank = 1, Evaluation Time used: 110.19 s 
[DEBUG] [2018-07-17 23:09:13] Request params. start = 1, end = 640168
[INFO] [2018-07-17 23:09:15] Rank = 1, Iter = 16, Block = 0, Slice = 0
[INFO] [2018-07-17 23:09:16] Rank = 1, Alias Time used: 0.68 s 
[INFO] [2018-07-17 23:10:49] Rank = 1, Training Time used: 92.95 s 
[INFO] [2018-07-17 23:10:49] Rank = 1, sampling throughput: 24687.970329 (tokens/thread/sec) 
[DEBUG] [2018-07-17 23:10:50] Request params. start = 1, end = 640168
[INFO] [2018-07-17 23:11:02] Rank = 1, Iter = 17, Block = 0, Slice = 0
[INFO] [2018-07-17 23:11:02] Rank = 1, Alias Time used: 0.69 s 
[INFO] [2018-07-17 23:12:35] Rank = 1, Training Time used: 92.51 s 
[INFO] [2018-07-17 23:12:35] Rank = 1, sampling throughput: 24818.707446 (tokens/thread/sec) 
[DEBUG] [2018-07-17 23:12:36] Request params. start = 1, end = 640168
[INFO] [2018-07-17 23:12:47] Rank = 1, Iter = 18, Block = 0, Slice = 0
[INFO] [2018-07-17 23:12:47] Rank = 1, Alias Time used: 0.64 s 
[INFO] [2018-07-17 23:14:20] Rank = 1, Training Time used: 92.36 s 
[INFO] [2018-07-17 23:14:20] Rank = 1, sampling throughput: 24859.006278 (tokens/thread/sec) 
[DEBUG] [2018-07-17 23:14:21] Request params. start = 1, end = 640168
[INFO] [2018-07-17 23:14:31] Rank = 1, Iter = 19, Block = 0, Slice = 0
[INFO] [2018-07-17 23:14:32] Rank = 1, Alias Time used: 0.62 s 
[INFO] [2018-07-17 23:16:04] Rank = 1, Training Time used: 92.04 s 
[INFO] [2018-07-17 23:16:05] Rank = 1, sampling throughput: 24934.581976 (tokens/thread/sec) 
[DEBUG] [2018-07-17 23:16:05] Request params. start = 1, end = 640168
[INFO] [2018-07-17 23:16:16] Rank = 1, Iter = 20, Block = 0, Slice = 0
[INFO] [2018-07-17 23:16:16] Rank = 1, Alias Time used: 0.59 s 
[INFO] [2018-07-17 23:17:47] Rank = 1, Training Time used: 90.62 s 
[INFO] [2018-07-17 23:17:47] Rank = 1, sampling throughput: 25311.087843 (tokens/thread/sec) 
[INFO] [2018-07-17 23:19:36] doc likelihood : -1.903069e+08
[INFO] [2018-07-17 23:19:36] Normalized likelihood : -1.946269e+09
[INFO] [2018-07-17 23:19:36] word likelihood : 9.284539e+08
[INFO] [2018-07-17 23:19:36] Rank = 1, Evaluation Time used: 108.62 s 
[DEBUG] [2018-07-17 23:19:37] Request params. start = 1, end = 640168
[INFO] [2018-07-17 23:19:39] Rank = 1, Iter = 21, Block = 0, Slice = 0
[INFO] [2018-07-17 23:19:40] Rank = 1, Alias Time used: 0.73 s 
[INFO] [2018-07-17 23:21:12] Rank = 1, Training Time used: 91.02 s 
[INFO] [2018-07-17 23:21:12] Rank = 1, sampling throughput: 25216.591633 (tokens/thread/sec) 
[DEBUG] [2018-07-17 23:21:12] Request params. start = 1, end = 640168
[INFO] [2018-07-17 23:21:21] Rank = 1, Iter = 22, Block = 0, Slice = 0
[INFO] [2018-07-17 23:21:21] Rank = 1, Alias Time used: 0.57 s 
[INFO] [2018-07-17 23:22:52] Rank = 1, Training Time used: 90.42 s 
[INFO] [2018-07-17 23:22:52] Rank = 1, sampling throughput: 25395.056950 (tokens/thread/sec) 
[DEBUG] [2018-07-17 23:22:53] Request params. start = 1, end = 640168
[INFO] [2018-07-17 23:23:02] Rank = 1, Iter = 23, Block = 0, Slice = 0
[INFO] [2018-07-17 23:23:03] Rank = 1, Alias Time used: 0.69 s 
[INFO] [2018-07-17 23:24:33] Rank = 1, Training Time used: 89.44 s 
[INFO] [2018-07-17 23:24:33] Rank = 1, sampling throughput: 25670.411357 (tokens/thread/sec) 
[DEBUG] [2018-07-17 23:24:33] Request params. start = 1, end = 640168
[INFO] [2018-07-17 23:24:42] Rank = 1, Iter = 24, Block = 0, Slice = 0
[INFO] [2018-07-17 23:24:43] Rank = 1, Alias Time used: 0.59 s 
[INFO] [2018-07-17 23:26:12] Rank = 1, Training Time used: 88.63 s 
[INFO] [2018-07-17 23:26:12] Rank = 1, sampling throughput: 25907.885830 (tokens/thread/sec) 
[DEBUG] [2018-07-17 23:26:12] Request params. start = 1, end = 640168
[INFO] [2018-07-17 23:26:21] Rank = 1, Iter = 25, Block = 0, Slice = 0
[INFO] [2018-07-17 23:26:22] Rank = 1, Alias Time used: 0.68 s 
[INFO] [2018-07-17 23:27:51] Rank = 1, Training Time used: 88.80 s 
[INFO] [2018-07-17 23:27:51] Rank = 1, sampling throughput: 25823.400427 (tokens/thread/sec) 
[INFO] [2018-07-17 23:29:40] doc likelihood : -1.751344e+08
[INFO] [2018-07-17 23:29:40] Normalized likelihood : -1.948237e+09
[INFO] [2018-07-17 23:29:40] word likelihood : 9.756594e+08
[INFO] [2018-07-17 23:29:40] Rank = 1, Evaluation Time used: 108.42 s 
[DEBUG] [2018-07-17 23:29:40] Request params. start = 1, end = 640168
[INFO] [2018-07-17 23:29:42] Rank = 1, Iter = 26, Block = 0, Slice = 0
[INFO] [2018-07-17 23:29:43] Rank = 1, Alias Time used: 0.57 s 
[INFO] [2018-07-17 23:31:11] Rank = 1, Training Time used: 87.90 s 
[INFO] [2018-07-17 23:31:11] Rank = 1, sampling throughput: 26105.206320 (tokens/thread/sec) 
[DEBUG] [2018-07-17 23:31:12] Request params. start = 1, end = 640168
[INFO] [2018-07-17 23:31:20] Rank = 1, Iter = 27, Block = 0, Slice = 0
[INFO] [2018-07-17 23:31:20] Rank = 1, Alias Time used: 0.62 s 
[INFO] [2018-07-17 23:32:48] Rank = 1, Training Time used: 87.52 s 
[INFO] [2018-07-17 23:32:48] Rank = 1, sampling throughput: 26227.444038 (tokens/thread/sec) 
[DEBUG] [2018-07-17 23:32:49] Request params. start = 1, end = 640168
[INFO] [2018-07-17 23:32:57] Rank = 1, Iter = 28, Block = 0, Slice = 0
[INFO] [2018-07-17 23:32:57] Rank = 1, Alias Time used: 0.57 s 
[INFO] [2018-07-17 23:34:24] Rank = 1, Training Time used: 86.82 s 
[INFO] [2018-07-17 23:34:24] Rank = 1, sampling throughput: 26420.559135 (tokens/thread/sec) 
[DEBUG] [2018-07-17 23:34:25] Request params. start = 1, end = 640168
[INFO] [2018-07-17 23:34:32] Rank = 1, Iter = 29, Block = 0, Slice = 0
[INFO] [2018-07-17 23:34:32] Rank = 1, Alias Time used: 0.56 s 
[INFO] [2018-07-17 23:36:00] Rank = 1, Training Time used: 86.76 s 
[INFO] [2018-07-17 23:36:00] Rank = 1, sampling throughput: 26463.182761 (tokens/thread/sec) 
[DEBUG] [2018-07-17 23:36:00] Request params. start = 1, end = 640168
[INFO] [2018-07-17 23:36:07] Rank = 1, Iter = 30, Block = 0, Slice = 0
[INFO] [2018-07-17 23:36:08] Rank = 1, Alias Time used: 0.60 s 
[INFO] [2018-07-17 23:37:33] Rank = 1, Training Time used: 85.40 s 
[INFO] [2018-07-17 23:37:33] Rank = 1, sampling throughput: 26875.073142 (tokens/thread/sec) 
[INFO] [2018-07-17 23:39:21] doc likelihood : -1.640411e+08
[INFO] [2018-07-17 23:39:21] Normalized likelihood : -1.949755e+09
[INFO] [2018-07-17 23:39:21] word likelihood : 1.028426e+09
[INFO] [2018-07-17 23:39:21] Rank = 1, Evaluation Time used: 106.81 s 
[DEBUG] [2018-07-17 23:39:21] Request params. start = 1, end = 640168
[INFO] [2018-07-17 23:39:24] Rank = 1, Iter = 31, Block = 0, Slice = 0
[INFO] [2018-07-17 23:39:24] Rank = 1, Alias Time used: 0.66 s 
[INFO] [2018-07-17 23:40:50] Rank = 1, Training Time used: 85.70 s 
[INFO] [2018-07-17 23:40:50] Rank = 1, sampling throughput: 26777.926772 (tokens/thread/sec) 
[DEBUG] [2018-07-17 23:40:51] Request params. start = 1, end = 640168
[INFO] [2018-07-17 23:40:57] Rank = 1, Iter = 32, Block = 0, Slice = 0
[INFO] [2018-07-17 23:40:57] Rank = 1, Alias Time used: 0.62 s 
[INFO] [2018-07-17 23:42:22] Rank = 1, Training Time used: 84.67 s 
[INFO] [2018-07-17 23:42:22] Rank = 1, sampling throughput: 27100.247817 (tokens/thread/sec) 
[DEBUG] [2018-07-17 23:42:23] Request params. start = 1, end = 640168
[INFO] [2018-07-17 23:42:29] Rank = 1, Iter = 33, Block = 0, Slice = 0
[INFO] [2018-07-17 23:42:29] Rank = 1, Alias Time used: 0.56 s 
[INFO] [2018-07-17 23:43:54] Rank = 1, Training Time used: 84.77 s 
[INFO] [2018-07-17 23:43:55] Rank = 1, sampling throughput: 27058.736892 (tokens/thread/sec) 
[DEBUG] [2018-07-17 23:43:55] Request params. start = 1, end = 640168
[INFO] [2018-07-17 23:44:01] Rank = 1, Iter = 34, Block = 0, Slice = 0
[INFO] [2018-07-17 23:44:01] Rank = 1, Alias Time used: 0.53 s 
[INFO] [2018-07-17 23:45:25] Rank = 1, Training Time used: 83.91 s 
[INFO] [2018-07-17 23:45:26] Rank = 1, sampling throughput: 27345.498928 (tokens/thread/sec) 
[DEBUG] [2018-07-17 23:45:26] Request params. start = 1, end = 640168
[INFO] [2018-07-17 23:45:31] Rank = 1, Iter = 35, Block = 0, Slice = 0
[INFO] [2018-07-17 23:45:32] Rank = 1, Alias Time used: 0.61 s 
[INFO] [2018-07-17 23:46:56] Rank = 1, Training Time used: 83.86 s 
[INFO] [2018-07-17 23:46:56] Rank = 1, sampling throughput: 27342.243124 (tokens/thread/sec) 
[INFO] [2018-07-17 23:48:43] doc likelihood : -1.580519e+08
[INFO] [2018-07-17 23:48:43] Normalized likelihood : -1.950302e+09
[INFO] [2018-07-17 23:48:43] word likelihood : 1.070556e+09
[INFO] [2018-07-17 23:48:43] Rank = 1, Evaluation Time used: 106.41 s 
[DEBUG] [2018-07-17 23:48:43] Request params. start = 1, end = 640168
[INFO] [2018-07-17 23:48:45] Rank = 1, Iter = 36, Block = 0, Slice = 0
[INFO] [2018-07-17 23:48:46] Rank = 1, Alias Time used: 0.56 s 
[INFO] [2018-07-17 23:50:09] Rank = 1, Training Time used: 83.11 s 
[INFO] [2018-07-17 23:50:09] Rank = 1, sampling throughput: 27625.105257 (tokens/thread/sec) 
[DEBUG] [2018-07-17 23:50:10] Request params. start = 1, end = 640168
[INFO] [2018-07-17 23:50:15] Rank = 1, Iter = 37, Block = 0, Slice = 0
[INFO] [2018-07-17 23:50:15] Rank = 1, Alias Time used: 0.53 s 
[INFO] [2018-07-17 23:51:39] Rank = 1, Training Time used: 83.48 s 
[INFO] [2018-07-17 23:51:39] Rank = 1, sampling throughput: 27496.108716 (tokens/thread/sec) 
[DEBUG] [2018-07-17 23:51:40] Request params. start = 1, end = 640168
[INFO] [2018-07-17 23:51:44] Rank = 1, Iter = 38, Block = 0, Slice = 0
[INFO] [2018-07-17 23:51:45] Rank = 1, Alias Time used: 0.63 s 
[INFO] [2018-07-17 23:53:08] Rank = 1, Training Time used: 82.71 s 
[INFO] [2018-07-17 23:53:08] Rank = 1, sampling throughput: 27741.906258 (tokens/thread/sec) 
[DEBUG] [2018-07-17 23:53:08] Request params. start = 1, end = 640168
[INFO] [2018-07-17 23:53:13] Rank = 1, Iter = 39, Block = 0, Slice = 0
[INFO] [2018-07-17 23:53:13] Rank = 1, Alias Time used: 0.60 s 
[INFO] [2018-07-17 23:54:36] Rank = 1, Training Time used: 82.47 s 
[INFO] [2018-07-17 23:54:36] Rank = 1, sampling throughput: 27839.435083 (tokens/thread/sec) 
[DEBUG] [2018-07-17 23:54:37] Request params. start = 1, end = 640168
[INFO] [2018-07-17 23:54:40] Rank = 1, Iter = 40, Block = 0, Slice = 0
[INFO] [2018-07-17 23:54:41] Rank = 1, Alias Time used: 0.55 s 
[INFO] [2018-07-17 23:56:03] Rank = 1, Training Time used: 82.26 s 
[INFO] [2018-07-17 23:56:04] Rank = 1, sampling throughput: 27852.941176 (tokens/thread/sec) 
[INFO] [2018-07-17 23:57:50] doc likelihood : -1.548220e+08
[INFO] [2018-07-17 23:57:50] Normalized likelihood : -1.950172e+09
[INFO] [2018-07-17 23:57:50] word likelihood : 1.101780e+09
[INFO] [2018-07-17 23:57:50] Rank = 1, Evaluation Time used: 105.82 s 
[DEBUG] [2018-07-17 23:57:50] Request params. start = 1, end = 640168
[INFO] [2018-07-17 23:57:52] Rank = 1, Iter = 41, Block = 0, Slice = 0
[INFO] [2018-07-17 23:57:53] Rank = 1, Alias Time used: 0.66 s 
[INFO] [2018-07-17 23:59:16] Rank = 1, Training Time used: 82.48 s 
[INFO] [2018-07-17 23:59:16] Rank = 1, sampling throughput: 27836.060606 (tokens/thread/sec) 
[DEBUG] [2018-07-17 23:59:16] Request params. start = 1, end = 640168
[INFO] [2018-07-17 23:59:20] Rank = 1, Iter = 42, Block = 0, Slice = 0
[INFO] [2018-07-17 23:59:20] Rank = 1, Alias Time used: 0.61 s 
[INFO] [2018-07-18 00:00:42] Rank = 1, Training Time used: 81.91 s 
[INFO] [2018-07-18 00:00:42] Rank = 1, sampling throughput: 28022.879805 (tokens/thread/sec) 
[DEBUG] [2018-07-18 00:00:43] Request params. start = 1, end = 640168
[INFO] [2018-07-18 00:00:47] Rank = 1, Iter = 43, Block = 0, Slice = 0
[INFO] [2018-07-18 00:00:47] Rank = 1, Alias Time used: 0.53 s 
[INFO] [2018-07-18 00:02:10] Rank = 1, Training Time used: 81.88 s 
[INFO] [2018-07-18 00:02:10] Rank = 1, sampling throughput: 28036.564522 (tokens/thread/sec) 
[DEBUG] [2018-07-18 00:02:10] Request params. start = 1, end = 640168
[INFO] [2018-07-18 00:02:13] Rank = 1, Iter = 44, Block = 0, Slice = 0
[INFO] [2018-07-18 00:02:14] Rank = 1, Alias Time used: 0.61 s 
[INFO] [2018-07-18 00:03:35] Rank = 1, Training Time used: 80.96 s 
[INFO] [2018-07-18 00:03:35] Rank = 1, sampling throughput: 28348.043451 (tokens/thread/sec) 
[DEBUG] [2018-07-18 00:03:36] Request params. start = 1, end = 640168
[INFO] [2018-07-18 00:03:39] Rank = 1, Iter = 45, Block = 0, Slice = 0
[INFO] [2018-07-18 00:03:39] Rank = 1, Alias Time used: 0.61 s 
[INFO] [2018-07-18 00:05:01] Rank = 1, Training Time used: 81.70 s 
[INFO] [2018-07-18 00:05:01] Rank = 1, sampling throughput: 28060.544966 (tokens/thread/sec) 
[INFO] [2018-07-18 00:06:47] doc likelihood : -1.529439e+08
[INFO] [2018-07-18 00:06:47] Normalized likelihood : -1.949762e+09
[INFO] [2018-07-18 00:06:47] word likelihood : 1.122998e+09
[INFO] [2018-07-18 00:06:47] Rank = 1, Evaluation Time used: 105.30 s 
[DEBUG] [2018-07-18 00:06:47] Request params. start = 1, end = 640168
[INFO] [2018-07-18 00:06:50] Rank = 1, Iter = 46, Block = 0, Slice = 0
[INFO] [2018-07-18 00:06:50] Rank = 1, Alias Time used: 0.60 s 
[INFO] [2018-07-18 00:08:12] Rank = 1, Training Time used: 81.22 s 
[INFO] [2018-07-18 00:08:12] Rank = 1, sampling throughput: 28271.266773 (tokens/thread/sec) 
[DEBUG] [2018-07-18 00:08:13] Request params. start = 1, end = 640168
[INFO] [2018-07-18 00:08:15] Rank = 1, Iter = 47, Block = 0, Slice = 0
[INFO] [2018-07-18 00:08:16] Rank = 1, Alias Time used: 0.56 s 
[INFO] [2018-07-18 00:09:37] Rank = 1, Training Time used: 81.06 s 
[INFO] [2018-07-18 00:09:37] Rank = 1, sampling throughput: 28313.093330 (tokens/thread/sec) 
[DEBUG] [2018-07-18 00:09:38] Request params. start = 1, end = 640168
[INFO] [2018-07-18 00:09:41] Rank = 1, Iter = 48, Block = 0, Slice = 0
[INFO] [2018-07-18 00:09:41] Rank = 1, Alias Time used: 0.53 s 
[INFO] [2018-07-18 00:11:02] Rank = 1, Training Time used: 80.83 s 
[INFO] [2018-07-18 00:11:02] Rank = 1, sampling throughput: 28379.572417 (tokens/thread/sec) 
[DEBUG] [2018-07-18 00:11:03] Request params. start = 1, end = 640168
[INFO] [2018-07-18 00:11:06] Rank = 1, Iter = 49, Block = 0, Slice = 0
[INFO] [2018-07-18 00:11:06] Rank = 1, Alias Time used: 0.57 s 
[INFO] [2018-07-18 00:12:27] Rank = 1, Training Time used: 80.59 s 
[INFO] [2018-07-18 00:12:27] Rank = 1, sampling throughput: 28485.177375 (tokens/thread/sec) 
[DEBUG] [2018-07-18 00:12:28] Request params. start = 1, end = 640168
[INFO] [2018-07-18 00:12:30] Rank = 1, Iter = 50, Block = 0, Slice = 0
[INFO] [2018-07-18 00:12:31] Rank = 1, Alias Time used: 0.60 s 
[INFO] [2018-07-18 00:13:52] Rank = 1, Training Time used: 80.61 s 
[INFO] [2018-07-18 00:13:52] Rank = 1, sampling throughput: 28446.364425 (tokens/thread/sec) 
[INFO] [2018-07-18 00:15:38] doc likelihood : -1.516481e+08
[INFO] [2018-07-18 00:15:38] Normalized likelihood : -1.949337e+09
[INFO] [2018-07-18 00:15:38] word likelihood : 1.137799e+09
[INFO] [2018-07-18 00:15:38] Rank = 1, Evaluation Time used: 105.49 s 
[DEBUG] [2018-07-18 00:15:38] Request params. start = 1, end = 640168
[INFO] [2018-07-18 00:15:40] Rank = 1, Iter = 51, Block = 0, Slice = 0
[INFO] [2018-07-18 00:15:41] Rank = 1, Alias Time used: 0.52 s 
[INFO] [2018-07-18 00:17:02] Rank = 1, Training Time used: 80.88 s 
[INFO] [2018-07-18 00:17:02] Rank = 1, sampling throughput: 28386.588381 (tokens/thread/sec) 
[DEBUG] [2018-07-18 00:17:03] Request params. start = 1, end = 640168
[INFO] [2018-07-18 00:17:05] Rank = 1, Iter = 52, Block = 0, Slice = 0
[INFO] [2018-07-18 00:17:06] Rank = 1, Alias Time used: 0.53 s 
[INFO] [2018-07-18 00:18:26] Rank = 1, Training Time used: 80.39 s 
[INFO] [2018-07-18 00:18:26] Rank = 1, sampling throughput: 28541.822023 (tokens/thread/sec) 
[DEBUG] [2018-07-18 00:18:27] Request params. start = 1, end = 640168
[INFO] [2018-07-18 00:18:29] Rank = 1, Iter = 53, Block = 0, Slice = 0
[INFO] [2018-07-18 00:18:30] Rank = 1, Alias Time used: 0.61 s 
[INFO] [2018-07-18 00:19:51] Rank = 1, Training Time used: 80.95 s 
[INFO] [2018-07-18 00:19:51] Rank = 1, sampling throughput: 28358.545320 (tokens/thread/sec) 
[DEBUG] [2018-07-18 00:19:52] Request params. start = 1, end = 640168
[INFO] [2018-07-18 00:19:54] Rank = 1, Iter = 54, Block = 0, Slice = 0
[INFO] [2018-07-18 00:19:55] Rank = 1, Alias Time used: 0.50 s 
[INFO] [2018-07-18 00:21:15] Rank = 1, Training Time used: 79.89 s 
[INFO] [2018-07-18 00:21:15] Rank = 1, sampling throughput: 28727.483112 (tokens/thread/sec) 
[DEBUG] [2018-07-18 00:21:16] Request params. start = 1, end = 640168
[INFO] [2018-07-18 00:21:18] Rank = 1, Iter = 55, Block = 0, Slice = 0
[INFO] [2018-07-18 00:21:18] Rank = 1, Alias Time used: 0.59 s 
[INFO] [2018-07-18 00:22:39] Rank = 1, Training Time used: 80.55 s 
[INFO] [2018-07-18 00:22:39] Rank = 1, sampling throughput: 28478.112599 (tokens/thread/sec) 
[INFO] [2018-07-18 00:24:26] doc likelihood : -1.507660e+08
[INFO] [2018-07-18 00:24:26] Normalized likelihood : -1.948951e+09
[INFO] [2018-07-18 00:24:26] word likelihood : 1.149340e+09
[INFO] [2018-07-18 00:24:26] Rank = 1, Evaluation Time used: 105.77 s 
[DEBUG] [2018-07-18 00:24:26] Request params. start = 1, end = 640168
[INFO] [2018-07-18 00:24:28] Rank = 1, Iter = 56, Block = 0, Slice = 0
[INFO] [2018-07-18 00:24:28] Rank = 1, Alias Time used: 0.54 s 
[INFO] [2018-07-18 00:25:49] Rank = 1, Training Time used: 80.17 s 
[INFO] [2018-07-18 00:25:49] Rank = 1, sampling throughput: 28605.817140 (tokens/thread/sec) 
[DEBUG] [2018-07-18 00:25:50] Request params. start = 1, end = 640168
[INFO] [2018-07-18 00:25:52] Rank = 1, Iter = 57, Block = 0, Slice = 0
[INFO] [2018-07-18 00:25:52] Rank = 1, Alias Time used: 0.49 s 
[INFO] [2018-07-18 00:27:13] Rank = 1, Training Time used: 80.36 s 
[INFO] [2018-07-18 00:27:13] Rank = 1, sampling throughput: 28552.467985 (tokens/thread/sec) 
[DEBUG] [2018-07-18 00:27:14] Request params. start = 1, end = 640168
[INFO] [2018-07-18 00:27:16] Rank = 1, Iter = 58, Block = 0, Slice = 0
[INFO] [2018-07-18 00:27:16] Rank = 1, Alias Time used: 0.48 s 
[INFO] [2018-07-18 00:28:36] Rank = 1, Training Time used: 79.91 s 
[INFO] [2018-07-18 00:28:36] Rank = 1, sampling throughput: 28709.526191 (tokens/thread/sec) 
[DEBUG] [2018-07-18 00:28:37] Request params. start = 1, end = 640168
[INFO] [2018-07-18 00:28:39] Rank = 1, Iter = 59, Block = 0, Slice = 0
[INFO] [2018-07-18 00:28:40] Rank = 1, Alias Time used: 0.61 s 
[INFO] [2018-07-18 00:30:00] Rank = 1, Training Time used: 79.88 s 
[INFO] [2018-07-18 00:30:00] Rank = 1, sampling throughput: 28734.672172 (tokens/thread/sec) 
[DEBUG] [2018-07-18 00:30:01] Request params. start = 1, end = 640168
[INFO] [2018-07-18 00:30:03] Rank = 1, Iter = 60, Block = 0, Slice = 0
[INFO] [2018-07-18 00:30:03] Rank = 1, Alias Time used: 0.49 s 
[INFO] [2018-07-18 00:31:23] Rank = 1, Training Time used: 79.52 s 
[INFO] [2018-07-18 00:31:23] Rank = 1, sampling throughput: 28839.319352 (tokens/thread/sec) 
[INFO] [2018-07-18 00:33:09] doc likelihood : -1.501008e+08
[INFO] [2018-07-18 00:33:09] Normalized likelihood : -1.948626e+09
[INFO] [2018-07-18 00:33:09] word likelihood : 1.159001e+09
[INFO] [2018-07-18 00:33:09] Rank = 1, Evaluation Time used: 105.58 s 
[DEBUG] [2018-07-18 00:33:10] Request params. start = 1, end = 640168
[INFO] [2018-07-18 00:33:12] Rank = 1, Iter = 61, Block = 0, Slice = 0
[INFO] [2018-07-18 00:33:12] Rank = 1, Alias Time used: 0.51 s 
[INFO] [2018-07-18 00:34:32] Rank = 1, Training Time used: 79.86 s 
[INFO] [2018-07-18 00:34:32] Rank = 1, sampling throughput: 28745.462511 (tokens/thread/sec) 
[DEBUG] [2018-07-18 00:34:33] Request params. start = 1, end = 640168
[INFO] [2018-07-18 00:34:35] Rank = 1, Iter = 62, Block = 0, Slice = 0
[INFO] [2018-07-18 00:34:35] Rank = 1, Alias Time used: 0.50 s 
[INFO] [2018-07-18 00:35:56] Rank = 1, Training Time used: 80.02 s 
[INFO] [2018-07-18 00:35:56] Rank = 1, sampling throughput: 28680.841763 (tokens/thread/sec) 
[DEBUG] [2018-07-18 00:35:57] Request params. start = 1, end = 640168
[INFO] [2018-07-18 00:35:59] Rank = 1, Iter = 63, Block = 0, Slice = 0
[INFO] [2018-07-18 00:35:59] Rank = 1, Alias Time used: 0.47 s 
[INFO] [2018-07-18 00:37:19] Rank = 1, Training Time used: 79.96 s 
[INFO] [2018-07-18 00:37:19] Rank = 1, sampling throughput: 28705.937500 (tokens/thread/sec) 
[DEBUG] [2018-07-18 00:37:20] Request params. start = 1, end = 640168
[INFO] [2018-07-18 00:37:22] Rank = 1, Iter = 64, Block = 0, Slice = 0
[INFO] [2018-07-18 00:37:23] Rank = 1, Alias Time used: 0.55 s 
[INFO] [2018-07-18 00:38:42] Rank = 1, Training Time used: 79.03 s 
[INFO] [2018-07-18 00:38:42] Rank = 1, sampling throughput: 29025.214863 (tokens/thread/sec) 
[DEBUG] [2018-07-18 00:38:43] Request params. start = 1, end = 640168
[INFO] [2018-07-18 00:38:45] Rank = 1, Iter = 65, Block = 0, Slice = 0
[INFO] [2018-07-18 00:38:45] Rank = 1, Alias Time used: 0.55 s 
[INFO] [2018-07-18 00:40:05] Rank = 1, Training Time used: 79.26 s 
[INFO] [2018-07-18 00:40:05] Rank = 1, sampling throughput: 28959.331652 (tokens/thread/sec) 
[INFO] [2018-07-18 00:41:50] doc likelihood : -1.496161e+08
[INFO] [2018-07-18 00:41:50] Normalized likelihood : -1.948350e+09
[INFO] [2018-07-18 00:41:50] word likelihood : 1.165469e+09
[INFO] [2018-07-18 00:41:50] Rank = 1, Evaluation Time used: 105.21 s 
[DEBUG] [2018-07-18 00:41:51] Request params. start = 1, end = 640168
[INFO] [2018-07-18 00:41:53] Rank = 1, Iter = 66, Block = 0, Slice = 0
[INFO] [2018-07-18 00:41:53] Rank = 1, Alias Time used: 0.58 s 
[INFO] [2018-07-18 00:43:12] Rank = 1, Training Time used: 78.72 s 
[INFO] [2018-07-18 00:43:13] Rank = 1, sampling throughput: 29139.385865 (tokens/thread/sec) 
[DEBUG] [2018-07-18 00:43:13] Request params. start = 1, end = 640168
[INFO] [2018-07-18 00:43:15] Rank = 1, Iter = 67, Block = 0, Slice = 0
[INFO] [2018-07-18 00:43:16] Rank = 1, Alias Time used: 0.56 s 
[INFO] [2018-07-18 00:44:35] Rank = 1, Training Time used: 79.12 s 
[INFO] [2018-07-18 00:44:35] Rank = 1, sampling throughput: 29021.546822 (tokens/thread/sec) 
[DEBUG] [2018-07-18 00:44:36] Request params. start = 1, end = 640168
[INFO] [2018-07-18 00:44:38] Rank = 1, Iter = 68, Block = 0, Slice = 0
[INFO] [2018-07-18 00:44:39] Rank = 1, Alias Time used: 0.56 s 
[INFO] [2018-07-18 00:45:58] Rank = 1, Training Time used: 79.29 s 
[INFO] [2018-07-18 00:45:58] Rank = 1, sampling throughput: 28959.331652 (tokens/thread/sec) 
[DEBUG] [2018-07-18 00:45:59] Request params. start = 1, end = 640168
[INFO] [2018-07-18 00:46:01] Rank = 1, Iter = 69, Block = 0, Slice = 0
[INFO] [2018-07-18 00:46:01] Rank = 1, Alias Time used: 0.59 s 
[INFO] [2018-07-18 00:47:21] Rank = 1, Training Time used: 79.23 s 
[INFO] [2018-07-18 00:47:21] Rank = 1, sampling throughput: 28973.946505 (tokens/thread/sec) 
[DEBUG] [2018-07-18 00:47:22] Request params. start = 1, end = 640168
[INFO] [2018-07-18 00:47:23] Rank = 1, Iter = 70, Block = 0, Slice = 0
[INFO] [2018-07-18 00:47:24] Rank = 1, Alias Time used: 0.66 s 
[INFO] [2018-07-18 00:48:43] Rank = 1, Training Time used: 78.71 s 
[INFO] [2018-07-18 00:48:43] Rank = 1, sampling throughput: 29102.458497 (tokens/thread/sec) 
[INFO] [2018-07-18 00:50:29] doc likelihood : -1.492536e+08
[INFO] [2018-07-18 00:50:29] Normalized likelihood : -1.948127e+09
[INFO] [2018-07-18 00:50:29] word likelihood : 1.170540e+09
[INFO] [2018-07-18 00:50:29] Rank = 1, Evaluation Time used: 104.99 s 
[DEBUG] [2018-07-18 00:50:29] Request params. start = 1, end = 640168
[INFO] [2018-07-18 00:50:31] Rank = 1, Iter = 71, Block = 0, Slice = 0
[INFO] [2018-07-18 00:50:32] Rank = 1, Alias Time used: 0.50 s 
[INFO] [2018-07-18 00:51:51] Rank = 1, Training Time used: 79.11 s 
[INFO] [2018-07-18 00:51:51] Rank = 1, sampling throughput: 29010.548257 (tokens/thread/sec) 
[DEBUG] [2018-07-18 00:51:52] Request params. start = 1, end = 640168
[INFO] [2018-07-18 00:51:54] Rank = 1, Iter = 72, Block = 0, Slice = 0
[INFO] [2018-07-18 00:51:54] Rank = 1, Alias Time used: 0.56 s 
[INFO] [2018-07-18 00:53:13] Rank = 1, Training Time used: 78.34 s 
[INFO] [2018-07-18 00:53:13] Rank = 1, sampling throughput: 29306.725370 (tokens/thread/sec) 
[DEBUG] [2018-07-18 00:53:14] Request params. start = 1, end = 640168
[INFO] [2018-07-18 00:53:16] Rank = 1, Iter = 73, Block = 0, Slice = 0
[INFO] [2018-07-18 00:53:16] Rank = 1, Alias Time used: 0.53 s 
[INFO] [2018-07-18 00:54:35] Rank = 1, Training Time used: 78.98 s 
[INFO] [2018-07-18 00:54:35] Rank = 1, sampling throughput: 29054.592611 (tokens/thread/sec) 
[DEBUG] [2018-07-18 00:54:36] Request params. start = 1, end = 640168
[INFO] [2018-07-18 00:54:38] Rank = 1, Iter = 74, Block = 0, Slice = 0
[INFO] [2018-07-18 00:54:39] Rank = 1, Alias Time used: 0.58 s 
[INFO] [2018-07-18 00:55:57] Rank = 1, Training Time used: 78.52 s 
[INFO] [2018-07-18 00:55:57] Rank = 1, sampling throughput: 29232.115580 (tokens/thread/sec) 
[DEBUG] [2018-07-18 00:55:58] Request params. start = 1, end = 640168
[INFO] [2018-07-18 00:56:00] Rank = 1, Iter = 75, Block = 0, Slice = 0
[INFO] [2018-07-18 00:56:01] Rank = 1, Alias Time used: 0.59 s 
[INFO] [2018-07-18 00:57:20] Rank = 1, Training Time used: 78.96 s 
[INFO] [2018-07-18 00:57:20] Rank = 1, sampling throughput: 29054.592611 (tokens/thread/sec) 
[INFO] [2018-07-18 00:59:06] doc likelihood : -1.489587e+08
[INFO] [2018-07-18 00:59:06] Normalized likelihood : -1.947930e+09
[INFO] [2018-07-18 00:59:06] word likelihood : 1.174601e+09
[INFO] [2018-07-18 00:59:06] Rank = 1, Evaluation Time used: 105.50 s 
[DEBUG] [2018-07-18 00:59:06] Request params. start = 1, end = 640168
[INFO] [2018-07-18 00:59:08] Rank = 1, Iter = 76, Block = 0, Slice = 0
[INFO] [2018-07-18 00:59:09] Rank = 1, Alias Time used: 0.51 s 
[INFO] [2018-07-18 01:00:28] Rank = 1, Training Time used: 78.59 s 
[INFO] [2018-07-18 01:00:28] Rank = 1, sampling throughput: 29217.239186 (tokens/thread/sec) 
[DEBUG] [2018-07-18 01:00:28] Request params. start = 1, end = 640168
[INFO] [2018-07-18 01:00:30] Rank = 1, Iter = 77, Block = 0, Slice = 0
[INFO] [2018-07-18 01:00:31] Rank = 1, Alias Time used: 0.59 s 
[INFO] [2018-07-18 01:01:50] Rank = 1, Training Time used: 78.55 s 
[INFO] [2018-07-18 01:01:50] Rank = 1, sampling throughput: 29224.675490 (tokens/thread/sec) 
[DEBUG] [2018-07-18 01:01:50] Request params. start = 1, end = 640168
[INFO] [2018-07-18 01:01:52] Rank = 1, Iter = 78, Block = 0, Slice = 0
[INFO] [2018-07-18 01:01:53] Rank = 1, Alias Time used: 0.62 s 
[INFO] [2018-07-18 01:03:12] Rank = 1, Training Time used: 78.12 s 
[INFO] [2018-07-18 01:03:12] Rank = 1, sampling throughput: 29385.476647 (tokens/thread/sec) 
[DEBUG] [2018-07-18 01:03:12] Request params. start = 1, end = 640168
[INFO] [2018-07-18 01:03:14] Rank = 1, Iter = 79, Block = 0, Slice = 0
[INFO] [2018-07-18 01:03:15] Rank = 1, Alias Time used: 0.57 s 
[INFO] [2018-07-18 01:04:34] Rank = 1, Training Time used: 78.75 s 
[INFO] [2018-07-18 01:04:34] Rank = 1, sampling throughput: 29146.782587 (tokens/thread/sec) 
[DEBUG] [2018-07-18 01:04:35] Request params. start = 1, end = 640168
[INFO] [2018-07-18 01:04:36] Rank = 1, Iter = 80, Block = 0, Slice = 0
[INFO] [2018-07-18 01:04:37] Rank = 1, Alias Time used: 0.56 s 
[INFO] [2018-07-18 01:05:56] Rank = 1, Training Time used: 78.30 s 
[INFO] [2018-07-18 01:05:56] Rank = 1, sampling throughput: 29288.037240 (tokens/thread/sec) 
[INFO] [2018-07-18 01:07:42] doc likelihood : -1.487590e+08
[INFO] [2018-07-18 01:07:42] Normalized likelihood : -1.947794e+09
[INFO] [2018-07-18 01:07:42] word likelihood : 1.177906e+09
[INFO] [2018-07-18 01:07:42] Rank = 1, Evaluation Time used: 105.79 s 
[DEBUG] [2018-07-18 01:07:42] Request params. start = 1, end = 640168
[INFO] [2018-07-18 01:07:44] Rank = 1, Iter = 81, Block = 0, Slice = 0
[INFO] [2018-07-18 01:07:45] Rank = 1, Alias Time used: 0.58 s 
[INFO] [2018-07-18 01:09:03] Rank = 1, Training Time used: 78.50 s 
[INFO] [2018-07-18 01:09:04] Rank = 1, sampling throughput: 29243.282822 (tokens/thread/sec) 
[DEBUG] [2018-07-18 01:09:04] Request params. start = 1, end = 640168
[INFO] [2018-07-18 01:09:06] Rank = 1, Iter = 82, Block = 0, Slice = 0
[INFO] [2018-07-18 01:09:07] Rank = 1, Alias Time used: 0.49 s 
[INFO] [2018-07-18 01:10:25] Rank = 1, Training Time used: 78.25 s 
[INFO] [2018-07-18 01:10:25] Rank = 1, sampling throughput: 29340.424173 (tokens/thread/sec) 
[DEBUG] [2018-07-18 01:10:26] Request params. start = 1, end = 640168
[INFO] [2018-07-18 01:10:28] Rank = 1, Iter = 83, Block = 0, Slice = 0
[INFO] [2018-07-18 01:10:28] Rank = 1, Alias Time used: 0.52 s 
[INFO] [2018-07-18 01:11:47] Rank = 1, Training Time used: 78.96 s 
[INFO] [2018-07-18 01:11:48] Rank = 1, sampling throughput: 29080.346967 (tokens/thread/sec) 
[DEBUG] [2018-07-18 01:11:48] Request params. start = 1, end = 640168
[INFO] [2018-07-18 01:11:50] Rank = 1, Iter = 84, Block = 0, Slice = 0
[INFO] [2018-07-18 01:11:51] Rank = 1, Alias Time used: 0.54 s 
[INFO] [2018-07-18 01:13:09] Rank = 1, Training Time used: 77.92 s 
[INFO] [2018-07-18 01:13:09] Rank = 1, sampling throughput: 29464.652297 (tokens/thread/sec) 
[DEBUG] [2018-07-18 01:13:10] Request params. start = 1, end = 640168
[INFO] [2018-07-18 01:13:11] Rank = 1, Iter = 85, Block = 0, Slice = 0
[INFO] [2018-07-18 01:13:12] Rank = 1, Alias Time used: 0.60 s 
[INFO] [2018-07-18 01:14:31] Rank = 1, Training Time used: 78.32 s 
[INFO] [2018-07-18 01:14:31] Rank = 1, sampling throughput: 29250.732391 (tokens/thread/sec) 
[INFO] [2018-07-18 01:16:17] doc likelihood : -1.486073e+08
[INFO] [2018-07-18 01:16:17] Normalized likelihood : -1.947694e+09
[INFO] [2018-07-18 01:16:17] word likelihood : 1.180599e+09
[INFO] [2018-07-18 01:16:17] Rank = 1, Evaluation Time used: 105.44 s 
[DEBUG] [2018-07-18 01:16:17] Request params. start = 1, end = 640168
[INFO] [2018-07-18 01:16:19] Rank = 1, Iter = 86, Block = 0, Slice = 0
[INFO] [2018-07-18 01:16:19] Rank = 1, Alias Time used: 0.52 s 
[INFO] [2018-07-18 01:17:38] Rank = 1, Training Time used: 78.36 s 
[INFO] [2018-07-18 01:17:38] Rank = 1, sampling throughput: 29299.247257 (tokens/thread/sec) 
[DEBUG] [2018-07-18 01:17:39] Request params. start = 1, end = 640168
[INFO] [2018-07-18 01:17:41] Rank = 1, Iter = 87, Block = 0, Slice = 0
[INFO] [2018-07-18 01:17:41] Rank = 1, Alias Time used: 0.58 s 
[INFO] [2018-07-18 01:19:00] Rank = 1, Training Time used: 78.35 s 
[INFO] [2018-07-18 01:19:00] Rank = 1, sampling throughput: 29291.772959 (tokens/thread/sec) 
[DEBUG] [2018-07-18 01:19:01] Request params. start = 1, end = 640168
[INFO] [2018-07-18 01:19:03] Rank = 1, Iter = 88, Block = 0, Slice = 0
[INFO] [2018-07-18 01:19:03] Rank = 1, Alias Time used: 0.46 s 
[INFO] [2018-07-18 01:20:21] Rank = 1, Training Time used: 78.17 s 
[INFO] [2018-07-18 01:20:21] Rank = 1, sampling throughput: 29374.200563 (tokens/thread/sec) 
[DEBUG] [2018-07-18 01:20:22] Request params. start = 1, end = 640168
[INFO] [2018-07-18 01:20:24] Rank = 1, Iter = 89, Block = 0, Slice = 0
[INFO] [2018-07-18 01:20:25] Rank = 1, Alias Time used: 0.49 s 
[INFO] [2018-07-18 01:21:43] Rank = 1, Training Time used: 78.27 s 
[INFO] [2018-07-18 01:21:43] Rank = 1, sampling throughput: 29321.693054 (tokens/thread/sec) 
[DEBUG] [2018-07-18 01:21:44] Request params. start = 1, end = 640168
[INFO] [2018-07-18 01:21:46] Rank = 1, Iter = 90, Block = 0, Slice = 0
[INFO] [2018-07-18 01:21:46] Rank = 1, Alias Time used: 0.56 s 
[INFO] [2018-07-18 01:23:05] Rank = 1, Training Time used: 78.35 s 
[INFO] [2018-07-18 01:23:05] Rank = 1, sampling throughput: 29302.985836 (tokens/thread/sec) 
[INFO] [2018-07-18 01:24:52] doc likelihood : -1.484897e+08
[INFO] [2018-07-18 01:24:52] Normalized likelihood : -1.947609e+09
[INFO] [2018-07-18 01:24:52] word likelihood : 1.182758e+09
[INFO] [2018-07-18 01:24:52] Rank = 1, Evaluation Time used: 106.16 s 
[DEBUG] [2018-07-18 01:24:52] Request params. start = 1, end = 640168
[INFO] [2018-07-18 01:24:54] Rank = 1, Iter = 91, Block = 0, Slice = 0
[INFO] [2018-07-18 01:24:54] Rank = 1, Alias Time used: 0.60 s 
[INFO] [2018-07-18 01:26:13] Rank = 1, Training Time used: 78.50 s 
[INFO] [2018-07-18 01:26:13] Rank = 1, sampling throughput: 29250.732391 (tokens/thread/sec) 
[DEBUG] [2018-07-18 01:26:14] Request params. start = 1, end = 640168
[INFO] [2018-07-18 01:26:16] Rank = 1, Iter = 92, Block = 0, Slice = 0
[INFO] [2018-07-18 01:26:16] Rank = 1, Alias Time used: 0.47 s 
[INFO] [2018-07-18 01:27:35] Rank = 1, Training Time used: 78.18 s 
[INFO] [2018-07-18 01:27:35] Rank = 1, sampling throughput: 29366.687980 (tokens/thread/sec) 
[DEBUG] [2018-07-18 01:27:35] Request params. start = 1, end = 640168
[INFO] [2018-07-18 01:27:37] Rank = 1, Iter = 93, Block = 0, Slice = 0
[INFO] [2018-07-18 01:27:38] Rank = 1, Alias Time used: 0.57 s 
[INFO] [2018-07-18 01:28:57] Rank = 1, Training Time used: 78.47 s 
[INFO] [2018-07-18 01:28:57] Rank = 1, sampling throughput: 29261.913863 (tokens/thread/sec) 
[DEBUG] [2018-07-18 01:28:57] Request params. start = 1, end = 640168
[INFO] [2018-07-18 01:28:59] Rank = 1, Iter = 94, Block = 0, Slice = 0
[INFO] [2018-07-18 01:29:00] Rank = 1, Alias Time used: 0.47 s 
[INFO] [2018-07-18 01:30:18] Rank = 1, Training Time used: 77.74 s 
[INFO] [2018-07-18 01:30:18] Rank = 1, sampling throughput: 29525.263564 (tokens/thread/sec) 
[DEBUG] [2018-07-18 01:30:18] Request params. start = 1, end = 640168
[INFO] [2018-07-18 01:30:20] Rank = 1, Iter = 95, Block = 0, Slice = 0
[INFO] [2018-07-18 01:30:21] Rank = 1, Alias Time used: 0.46 s 
[INFO] [2018-07-18 01:31:39] Rank = 1, Training Time used: 78.16 s 
[INFO] [2018-07-18 01:31:39] Rank = 1, sampling throughput: 29351.674335 (tokens/thread/sec) 
[INFO] [2018-07-18 01:33:25] doc likelihood : -1.483733e+08
[INFO] [2018-07-18 01:33:25] Normalized likelihood : -1.947539e+09
[INFO] [2018-07-18 01:33:25] word likelihood : 1.184746e+09
[INFO] [2018-07-18 01:33:25] Rank = 1, Evaluation Time used: 105.64 s 
[DEBUG] [2018-07-18 01:33:26] Request params. start = 1, end = 640168
[INFO] [2018-07-18 01:33:27] Rank = 1, Iter = 96, Block = 0, Slice = 0
[INFO] [2018-07-18 01:33:28] Rank = 1, Alias Time used: 0.56 s 
[INFO] [2018-07-18 01:34:46] Rank = 1, Training Time used: 77.51 s 
[INFO] [2018-07-18 01:34:46] Rank = 1, sampling throughput: 29589.936864 (tokens/thread/sec) 
[DEBUG] [2018-07-18 01:34:47] Request params. start = 1, end = 640168
[INFO] [2018-07-18 01:34:49] Rank = 1, Iter = 97, Block = 0, Slice = 0
[INFO] [2018-07-18 01:34:49] Rank = 1, Alias Time used: 0.58 s 
[INFO] [2018-07-18 01:36:08] Rank = 1, Training Time used: 78.13 s 
[INFO] [2018-07-18 01:36:08] Rank = 1, sampling throughput: 29366.687980 (tokens/thread/sec) 
[DEBUG] [2018-07-18 01:36:08] Request params. start = 1, end = 640168
[INFO] [2018-07-18 01:36:10] Rank = 1, Iter = 98, Block = 0, Slice = 0
[INFO] [2018-07-18 01:36:11] Rank = 1, Alias Time used: 0.52 s 
[INFO] [2018-07-18 01:37:29] Rank = 1, Training Time used: 77.93 s 
[INFO] [2018-07-18 01:37:29] Rank = 1, sampling throughput: 29460.872354 (tokens/thread/sec) 
[DEBUG] [2018-07-18 01:37:30] Request params. start = 1, end = 640168
[INFO] [2018-07-18 01:37:32] Rank = 1, Iter = 99, Block = 0, Slice = 0
[INFO] [2018-07-18 01:37:32] Rank = 1, Alias Time used: 0.58 s 
[INFO] [2018-07-18 01:38:51] Rank = 1, Training Time used: 78.24 s 
[INFO] [2018-07-18 01:38:51] Rank = 1, sampling throughput: 29344.173269 (tokens/thread/sec) 
[DEBUG] [2018-07-18 01:38:51] Request params. start = 1, end = 640168
[INFO] [2018-07-18 01:38:53] Rank = 1, Iter = 100, Block = 0, Slice = 0
[INFO] [2018-07-18 01:38:54] Rank = 1, Alias Time used: 0.56 s 
[INFO] [2018-07-18 01:40:12] Rank = 1, Training Time used: 77.79 s 
[INFO] [2018-07-18 01:40:12] Rank = 1, sampling throughput: 29510.087381 (tokens/thread/sec) 
[INFO] [2018-07-18 01:41:57] doc likelihood : -1.482898e+08
[INFO] [2018-07-18 01:41:58] Normalized likelihood : -1.947487e+09
[INFO] [2018-07-18 01:41:58] word likelihood : 1.186389e+09
[INFO] [2018-07-18 01:41:58] Rank = 1, Evaluation Time used: 105.38 s 
[DEBUG] [2018-07-18 01:41:58] Request params. start = 1, end = 640168
[INFO] [2018-07-18 01:42:00] Rank = 1, Iter = 101, Block = 0, Slice = 0
[INFO] [2018-07-18 01:42:00] Rank = 1, Alias Time used: 0.50 s 
[INFO] [2018-07-18 01:43:19] Rank = 1, Training Time used: 78.36 s 
[INFO] [2018-07-18 01:43:19] Rank = 1, sampling throughput: 29295.509631 (tokens/thread/sec) 
[DEBUG] [2018-07-18 01:43:20] Request params. start = 1, end = 640168
[INFO] [2018-07-18 01:43:22] Rank = 1, Iter = 102, Block = 0, Slice = 0
[INFO] [2018-07-18 01:43:22] Rank = 1, Alias Time used: 0.51 s 
[INFO] [2018-07-18 01:44:40] Rank = 1, Training Time used: 77.28 s 
[INFO] [2018-07-18 01:44:40] Rank = 1, sampling throughput: 29700.918262 (tokens/thread/sec) 
[DEBUG] [2018-07-18 01:44:40] Request params. start = 1, end = 640168
[INFO] [2018-07-18 01:44:42] Rank = 1, Iter = 103, Block = 0, Slice = 0
[INFO] [2018-07-18 01:44:43] Rank = 1, Alias Time used: 0.57 s 
[INFO] [2018-07-18 01:46:01] Rank = 1, Training Time used: 77.96 s 
[INFO] [2018-07-18 01:46:01] Rank = 1, sampling throughput: 29445.762277 (tokens/thread/sec) 
[DEBUG] [2018-07-18 01:46:02] Request params. start = 1, end = 640168
[INFO] [2018-07-18 01:46:04] Rank = 1, Iter = 104, Block = 0, Slice = 0
[INFO] [2018-07-18 01:46:04] Rank = 1, Alias Time used: 0.49 s 
[INFO] [2018-07-18 01:47:22] Rank = 1, Training Time used: 77.71 s 
[INFO] [2018-07-18 01:47:22] Rank = 1, sampling throughput: 29544.255757 (tokens/thread/sec) 
[DEBUG] [2018-07-18 01:47:23] Request params. start = 1, end = 640168
[INFO] [2018-07-18 01:47:25] Rank = 1, Iter = 105, Block = 0, Slice = 0
[INFO] [2018-07-18 01:47:25] Rank = 1, Alias Time used: 0.55 s 
[INFO] [2018-07-18 01:48:44] Rank = 1, Training Time used: 78.17 s 
[INFO] [2018-07-18 01:48:44] Rank = 1, sampling throughput: 29351.674335 (tokens/thread/sec) 
[INFO] [2018-07-18 01:50:30] doc likelihood : -1.482223e+08
[INFO] [2018-07-18 01:50:30] Normalized likelihood : -1.947448e+09
[INFO] [2018-07-18 01:50:30] word likelihood : 1.187931e+09
[INFO] [2018-07-18 01:50:30] Rank = 1, Evaluation Time used: 105.42 s 
[DEBUG] [2018-07-18 01:50:30] Request params. start = 1, end = 640168
[INFO] [2018-07-18 01:50:32] Rank = 1, Iter = 106, Block = 0, Slice = 0
[INFO] [2018-07-18 01:50:33] Rank = 1, Alias Time used: 0.55 s 
[INFO] [2018-07-18 01:51:51] Rank = 1, Training Time used: 77.80 s 
[INFO] [2018-07-18 01:51:51] Rank = 1, sampling throughput: 29502.505139 (tokens/thread/sec) 
[DEBUG] [2018-07-18 01:51:51] Request params. start = 1, end = 640168
[INFO] [2018-07-18 01:51:53] Rank = 1, Iter = 107, Block = 0, Slice = 0
[INFO] [2018-07-18 01:51:54] Rank = 1, Alias Time used: 0.52 s 
[INFO] [2018-07-18 01:53:12] Rank = 1, Training Time used: 78.00 s 
[INFO] [2018-07-18 01:53:12] Rank = 1, sampling throughput: 29434.439887 (tokens/thread/sec) 
[DEBUG] [2018-07-18 01:53:13] Request params. start = 1, end = 640168
[INFO] [2018-07-18 01:53:15] Rank = 1, Iter = 108, Block = 0, Slice = 0
[INFO] [2018-07-18 01:53:15] Rank = 1, Alias Time used: 0.58 s 
[INFO] [2018-07-18 01:54:33] Rank = 1, Training Time used: 77.27 s 
[INFO] [2018-07-18 01:54:33] Rank = 1, sampling throughput: 29704.760057 (tokens/thread/sec) 
[DEBUG] [2018-07-18 01:54:34] Request params. start = 1, end = 640168
[INFO] [2018-07-18 01:54:36] Rank = 1, Iter = 109, Block = 0, Slice = 0
[INFO] [2018-07-18 01:54:36] Rank = 1, Alias Time used: 0.57 s 
[INFO] [2018-07-18 01:55:54] Rank = 1, Training Time used: 77.94 s 
[INFO] [2018-07-18 01:55:54] Rank = 1, sampling throughput: 29449.538343 (tokens/thread/sec) 
[DEBUG] [2018-07-18 01:55:55] Request params. start = 1, end = 640168
[INFO] [2018-07-18 01:55:57] Rank = 1, Iter = 110, Block = 0, Slice = 0
[INFO] [2018-07-18 01:55:57] Rank = 1, Alias Time used: 0.47 s 
[INFO] [2018-07-18 01:57:15] Rank = 1, Training Time used: 77.84 s 
[INFO] [2018-07-18 01:57:16] Rank = 1, sampling throughput: 29468.433209 (tokens/thread/sec) 
[INFO] [2018-07-18 01:59:01] doc likelihood : -1.481736e+08
[INFO] [2018-07-18 01:59:01] Normalized likelihood : -1.947426e+09
[INFO] [2018-07-18 01:59:01] word likelihood : 1.189181e+09
[INFO] [2018-07-18 01:59:01] Rank = 1, Evaluation Time used: 105.40 s 
[DEBUG] [2018-07-18 01:59:02] Request params. start = 1, end = 640168
[INFO] [2018-07-18 01:59:03] Rank = 1, Iter = 111, Block = 0, Slice = 0
[INFO] [2018-07-18 01:59:04] Rank = 1, Alias Time used: 0.51 s 
[INFO] [2018-07-18 02:00:22] Rank = 1, Training Time used: 77.88 s 
[INFO] [2018-07-18 02:00:22] Rank = 1, sampling throughput: 29479.781772 (tokens/thread/sec) 
[DEBUG] [2018-07-18 02:00:23] Request params. start = 1, end = 640168
[INFO] [2018-07-18 02:00:25] Rank = 1, Iter = 112, Block = 0, Slice = 0
[INFO] [2018-07-18 02:00:25] Rank = 1, Alias Time used: 0.53 s 
[INFO] [2018-07-18 02:01:43] Rank = 1, Training Time used: 77.42 s 
[INFO] [2018-07-18 02:01:43] Rank = 1, sampling throughput: 29654.894112 (tokens/thread/sec) 
[DEBUG] [2018-07-18 02:01:44] Request params. start = 1, end = 640168
[INFO] [2018-07-18 02:01:46] Rank = 1, Iter = 113, Block = 0, Slice = 0
[INFO] [2018-07-18 02:01:46] Rank = 1, Alias Time used: 0.53 s 
[INFO] [2018-07-18 02:03:04] Rank = 1, Training Time used: 77.75 s 
[INFO] [2018-07-18 02:03:04] Rank = 1, sampling throughput: 29521.468055 (tokens/thread/sec) 
[DEBUG] [2018-07-18 02:03:05] Request params. start = 1, end = 640168
[INFO] [2018-07-18 02:03:07] Rank = 1, Iter = 114, Block = 0, Slice = 0
[INFO] [2018-07-18 02:03:07] Rank = 1, Alias Time used: 0.49 s 
[INFO] [2018-07-18 02:04:25] Rank = 1, Training Time used: 77.36 s 
[INFO] [2018-07-18 02:04:25] Rank = 1, sampling throughput: 29647.237284 (tokens/thread/sec) 
[DEBUG] [2018-07-18 02:04:26] Request params. start = 1, end = 640168
[INFO] [2018-07-18 02:04:28] Rank = 1, Iter = 115, Block = 0, Slice = 0
[INFO] [2018-07-18 02:04:28] Rank = 1, Alias Time used: 0.56 s 
[INFO] [2018-07-18 02:05:46] Rank = 1, Training Time used: 77.68 s 
[INFO] [2018-07-18 02:05:46] Rank = 1, sampling throughput: 29544.255757 (tokens/thread/sec) 
[INFO] [2018-07-18 02:07:32] doc likelihood : -1.481134e+08
[INFO] [2018-07-18 02:07:32] Normalized likelihood : -1.947417e+09
[INFO] [2018-07-18 02:07:32] word likelihood : 1.190265e+09
[INFO] [2018-07-18 02:07:32] Rank = 1, Evaluation Time used: 105.51 s 
[DEBUG] [2018-07-18 02:07:33] Request params. start = 1, end = 640168
[INFO] [2018-07-18 02:07:37] Rank = 1, Iter = 116, Block = 0, Slice = 0
[INFO] [2018-07-18 02:07:37] Rank = 1, Alias Time used: 0.47 s 
[INFO] [2018-07-18 02:08:55] Rank = 1, Training Time used: 77.64 s 
[INFO] [2018-07-18 02:08:55] Rank = 1, sampling throughput: 29555.662806 (tokens/thread/sec) 
[DEBUG] [2018-07-18 02:08:56] Request params. start = 1, end = 640168
[INFO] [2018-07-18 02:08:58] Rank = 1, Iter = 117, Block = 0, Slice = 0
[INFO] [2018-07-18 02:08:58] Rank = 1, Alias Time used: 0.48 s 
[INFO] [2018-07-18 02:10:16] Rank = 1, Training Time used: 77.72 s 
[INFO] [2018-07-18 02:10:16] Rank = 1, sampling throughput: 29513.879964 (tokens/thread/sec) 
[DEBUG] [2018-07-18 02:10:17] Request params. start = 1, end = 640168
[INFO] [2018-07-18 02:10:19] Rank = 1, Iter = 118, Block = 0, Slice = 0
[INFO] [2018-07-18 02:10:20] Rank = 1, Alias Time used: 0.50 s 
[INFO] [2018-07-18 02:11:37] Rank = 1, Training Time used: 77.57 s 
[INFO] [2018-07-18 02:11:37] Rank = 1, sampling throughput: 29593.750000 (tokens/thread/sec) 
[DEBUG] [2018-07-18 02:11:38] Request params. start = 1, end = 640168
[INFO] [2018-07-18 02:11:40] Rank = 1, Iter = 119, Block = 0, Slice = 0
[INFO] [2018-07-18 02:11:41] Rank = 1, Alias Time used: 0.57 s 
[INFO] [2018-07-18 02:12:59] Rank = 1, Training Time used: 77.90 s 
[INFO] [2018-07-18 02:12:59] Rank = 1, sampling throughput: 29464.652297 (tokens/thread/sec) 
[DEBUG] [2018-07-18 02:13:00] Request params. start = 1, end = 640168
[INFO] [2018-07-18 02:13:01] Rank = 1, Iter = 120, Block = 0, Slice = 0
[INFO] [2018-07-18 02:13:02] Rank = 1, Alias Time used: 0.52 s 
[INFO] [2018-07-18 02:14:20] Rank = 1, Training Time used: 77.36 s 
[INFO] [2018-07-18 02:14:20] Rank = 1, sampling throughput: 29643.410352 (tokens/thread/sec) 
[INFO] [2018-07-18 02:16:05] doc likelihood : -1.480469e+08
[INFO] [2018-07-18 02:16:05] Normalized likelihood : -1.947411e+09
[INFO] [2018-07-18 02:16:05] word likelihood : 1.191187e+09
[INFO] [2018-07-18 02:16:05] Rank = 1, Evaluation Time used: 105.32 s 
[DEBUG] [2018-07-18 02:16:06] Request params. start = 1, end = 640168
[INFO] [2018-07-18 02:16:10] Rank = 1, Iter = 121, Block = 0, Slice = 0
[INFO] [2018-07-18 02:16:11] Rank = 1, Alias Time used: 0.53 s 
[INFO] [2018-07-18 02:17:29] Rank = 1, Training Time used: 77.98 s 
[INFO] [2018-07-18 02:17:29] Rank = 1, sampling throughput: 29434.439887 (tokens/thread/sec) 
[DEBUG] [2018-07-18 02:17:30] Request params. start = 1, end = 640168
[INFO] [2018-07-18 02:17:31] Rank = 1, Iter = 122, Block = 0, Slice = 0
[INFO] [2018-07-18 02:17:32] Rank = 1, Alias Time used: 0.54 s 
[INFO] [2018-07-18 02:18:50] Rank = 1, Training Time used: 77.31 s 
[INFO] [2018-07-18 02:18:50] Rank = 1, sampling throughput: 29693.237652 (tokens/thread/sec) 
[DEBUG] [2018-07-18 02:18:50] Request params. start = 1, end = 640168
[INFO] [2018-07-18 02:18:52] Rank = 1, Iter = 123, Block = 0, Slice = 0
[INFO] [2018-07-18 02:18:52] Rank = 1, Alias Time used: 0.49 s 
[INFO] [2018-07-18 02:20:11] Rank = 1, Training Time used: 77.90 s 
[INFO] [2018-07-18 02:20:11] Rank = 1, sampling throughput: 29460.872354 (tokens/thread/sec) 
[DEBUG] [2018-07-18 02:20:11] Request params. start = 1, end = 640168
[INFO] [2018-07-18 02:20:13] Rank = 1, Iter = 124, Block = 0, Slice = 0
[INFO] [2018-07-18 02:20:14] Rank = 1, Alias Time used: 0.54 s 
[INFO] [2018-07-18 02:21:32] Rank = 1, Training Time used: 77.30 s 
[INFO] [2018-07-18 02:21:32] Rank = 1, sampling throughput: 29674.053495 (tokens/thread/sec) 
[DEBUG] [2018-07-18 02:21:32] Request params. start = 1, end = 640168
[INFO] [2018-07-18 02:21:34] Rank = 1, Iter = 125, Block = 0, Slice = 0
[INFO] [2018-07-18 02:21:35] Rank = 1, Alias Time used: 0.47 s 
[INFO] [2018-07-18 02:22:53] Rank = 1, Training Time used: 77.74 s 
[INFO] [2018-07-18 02:22:53] Rank = 1, sampling throughput: 29502.505139 (tokens/thread/sec) 
[INFO] [2018-07-18 02:24:38] doc likelihood : -1.480211e+08
[INFO] [2018-07-18 02:24:38] Normalized likelihood : -1.947419e+09
[INFO] [2018-07-18 02:24:38] word likelihood : 1.192045e+09
[INFO] [2018-07-18 02:24:38] Rank = 1, Evaluation Time used: 105.22 s 
[DEBUG] [2018-07-18 02:24:39] Request params. start = 1, end = 640168
[INFO] [2018-07-18 02:24:43] Rank = 1, Iter = 126, Block = 0, Slice = 0
[INFO] [2018-07-18 02:24:44] Rank = 1, Alias Time used: 0.59 s 
[INFO] [2018-07-18 02:26:02] Rank = 1, Training Time used: 77.39 s 
[INFO] [2018-07-18 02:26:02] Rank = 1, sampling throughput: 29666.386772 (tokens/thread/sec) 
[DEBUG] [2018-07-18 02:26:02] Request params. start = 1, end = 640168
[INFO] [2018-07-18 02:26:04] Rank = 1, Iter = 127, Block = 0, Slice = 0
[INFO] [2018-07-18 02:26:05] Rank = 1, Alias Time used: 0.59 s 
[INFO] [2018-07-18 02:27:23] Rank = 1, Training Time used: 77.45 s 
[INFO] [2018-07-18 02:27:23] Rank = 1, sampling throughput: 29639.584409 (tokens/thread/sec) 
[DEBUG] [2018-07-18 02:27:23] Request params. start = 1, end = 640168
[INFO] [2018-07-18 02:27:25] Rank = 1, Iter = 128, Block = 0, Slice = 0
[INFO] [2018-07-18 02:27:26] Rank = 1, Alias Time used: 0.54 s 
[INFO] [2018-07-18 02:28:43] Rank = 1, Training Time used: 77.22 s 
[INFO] [2018-07-18 02:28:43] Rank = 1, sampling throughput: 29712.446630 (tokens/thread/sec) 
[DEBUG] [2018-07-18 02:28:44] Request params. start = 1, end = 640168
[INFO] [2018-07-18 02:28:46] Rank = 1, Iter = 129, Block = 0, Slice = 0
[INFO] [2018-07-18 02:28:46] Rank = 1, Alias Time used: 0.55 s 
[INFO] [2018-07-18 02:30:04] Rank = 1, Training Time used: 77.50 s 
[INFO] [2018-07-18 02:30:04] Rank = 1, sampling throughput: 29620.469496 (tokens/thread/sec) 
[DEBUG] [2018-07-18 02:30:05] Request params. start = 1, end = 640168
[INFO] [2018-07-18 02:30:07] Rank = 1, Iter = 130, Block = 0, Slice = 0
[INFO] [2018-07-18 02:30:07] Rank = 1, Alias Time used: 0.56 s 
[INFO] [2018-07-18 02:31:25] Rank = 1, Training Time used: 77.49 s 
[INFO] [2018-07-18 02:31:25] Rank = 1, sampling throughput: 29605.195307 (tokens/thread/sec) 
[INFO] [2018-07-18 02:33:11] doc likelihood : -1.479453e+08
[INFO] [2018-07-18 02:33:11] Normalized likelihood : -1.947433e+09
[INFO] [2018-07-18 02:33:11] word likelihood : 1.192823e+09
[INFO] [2018-07-18 02:33:11] Rank = 1, Evaluation Time used: 105.58 s 
[DEBUG] [2018-07-18 02:33:12] Request params. start = 1, end = 640168
[INFO] [2018-07-18 02:33:15] Rank = 1, Iter = 131, Block = 0, Slice = 0
[INFO] [2018-07-18 02:33:16] Rank = 1, Alias Time used: 0.48 s 
[INFO] [2018-07-18 02:34:34] Rank = 1, Training Time used: 78.19 s 
[INFO] [2018-07-18 02:34:35] Rank = 1, sampling throughput: 29359.179238 (tokens/thread/sec) 
[DEBUG] [2018-07-18 02:34:35] Request params. start = 1, end = 640168
[INFO] [2018-07-18 02:34:37] Rank = 1, Iter = 132, Block = 0, Slice = 0
[INFO] [2018-07-18 02:34:38] Rank = 1, Alias Time used: 0.56 s 
[INFO] [2018-07-18 02:35:55] Rank = 1, Training Time used: 77.22 s 
[INFO] [2018-07-18 02:35:55] Rank = 1, sampling throughput: 29712.446630 (tokens/thread/sec) 
[DEBUG] [2018-07-18 02:35:56] Request params. start = 1, end = 640168
[INFO] [2018-07-18 02:35:58] Rank = 1, Iter = 133, Block = 0, Slice = 0
[INFO] [2018-07-18 02:35:58] Rank = 1, Alias Time used: 0.54 s 
[INFO] [2018-07-18 02:37:16] Rank = 1, Training Time used: 77.44 s 
[INFO] [2018-07-18 02:37:16] Rank = 1, sampling throughput: 29643.410352 (tokens/thread/sec) 
[DEBUG] [2018-07-18 02:37:17] Request params. start = 1, end = 640168
[INFO] [2018-07-18 02:37:19] Rank = 1, Iter = 134, Block = 0, Slice = 0
[INFO] [2018-07-18 02:37:19] Rank = 1, Alias Time used: 0.46 s 
[INFO] [2018-07-18 02:38:37] Rank = 1, Training Time used: 77.36 s 
[INFO] [2018-07-18 02:38:37] Rank = 1, sampling throughput: 29681.724182 (tokens/thread/sec) 
[DEBUG] [2018-07-18 02:38:37] Request params. start = 1, end = 640168
[INFO] [2018-07-18 02:38:39] Rank = 1, Iter = 135, Block = 0, Slice = 0
[INFO] [2018-07-18 02:38:40] Rank = 1, Alias Time used: 0.54 s 
[INFO] [2018-07-18 02:39:58] Rank = 1, Training Time used: 77.62 s 
[INFO] [2018-07-18 02:39:58] Rank = 1, sampling throughput: 29529.060049 (tokens/thread/sec) 
[INFO] [2018-07-18 02:41:44] doc likelihood : -1.479091e+08
[INFO] [2018-07-18 02:41:44] Normalized likelihood : -1.947453e+09
[INFO] [2018-07-18 02:41:44] word likelihood : 1.193481e+09
[INFO] [2018-07-18 02:41:44] Rank = 1, Evaluation Time used: 105.66 s 
[DEBUG] [2018-07-18 02:41:44] Request params. start = 1, end = 640168
[INFO] [2018-07-18 02:41:49] Rank = 1, Iter = 136, Block = 0, Slice = 0
[INFO] [2018-07-18 02:41:49] Rank = 1, Alias Time used: 0.53 s 
[INFO] [2018-07-18 02:43:07] Rank = 1, Training Time used: 77.35 s 
[INFO] [2018-07-18 02:43:07] Rank = 1, sampling throughput: 29674.053495 (tokens/thread/sec) 
[DEBUG] [2018-07-18 02:43:08] Request params. start = 1, end = 640168
[INFO] [2018-07-18 02:43:09] Rank = 1, Iter = 137, Block = 0, Slice = 0
[INFO] [2018-07-18 02:43:10] Rank = 1, Alias Time used: 0.58 s 
[INFO] [2018-07-18 02:44:28] Rank = 1, Training Time used: 77.68 s 
[INFO] [2018-07-18 02:44:28] Rank = 1, sampling throughput: 29544.255757 (tokens/thread/sec) 
[DEBUG] [2018-07-18 02:44:29] Request params. start = 1, end = 640168
[INFO] [2018-07-18 02:44:31] Rank = 1, Iter = 138, Block = 0, Slice = 0
[INFO] [2018-07-18 02:44:31] Rank = 1, Alias Time used: 0.49 s 
[INFO] [2018-07-18 02:45:49] Rank = 1, Training Time used: 77.01 s 
[INFO] [2018-07-18 02:45:49] Rank = 1, sampling throughput: 29812.735298 (tokens/thread/sec) 
[DEBUG] [2018-07-18 02:45:49] Request params. start = 1, end = 640168
[INFO] [2018-07-18 02:45:51] Rank = 1, Iter = 139, Block = 0, Slice = 0
[INFO] [2018-07-18 02:45:52] Rank = 1, Alias Time used: 0.48 s 
[INFO] [2018-07-18 02:47:10] Rank = 1, Training Time used: 77.39 s 
[INFO] [2018-07-18 02:47:10] Rank = 1, sampling throughput: 29670.219638 (tokens/thread/sec) 
[DEBUG] [2018-07-18 02:47:10] Request params. start = 1, end = 640168
[INFO] [2018-07-18 02:47:12] Rank = 1, Iter = 140, Block = 0, Slice = 0
[INFO] [2018-07-18 02:47:13] Rank = 1, Alias Time used: 0.50 s 
[INFO] [2018-07-18 02:48:30] Rank = 1, Training Time used: 77.27 s 
[INFO] [2018-07-18 02:48:30] Rank = 1, sampling throughput: 29674.053495 (tokens/thread/sec) 
[INFO] [2018-07-18 02:50:16] doc likelihood : -1.478778e+08
[INFO] [2018-07-18 02:50:16] Normalized likelihood : -1.947471e+09
[INFO] [2018-07-18 02:50:16] word likelihood : 1.194116e+09
[INFO] [2018-07-18 02:50:16] Rank = 1, Evaluation Time used: 105.55 s 
[DEBUG] [2018-07-18 02:50:17] Request params. start = 1, end = 640168
[INFO] [2018-07-18 02:50:21] Rank = 1, Iter = 141, Block = 0, Slice = 0
[INFO] [2018-07-18 02:50:21] Rank = 1, Alias Time used: 0.51 s 
[INFO] [2018-07-18 02:51:39] Rank = 1, Training Time used: 77.77 s 
[INFO] [2018-07-18 02:51:39] Rank = 1, sampling throughput: 29513.879964 (tokens/thread/sec) 
[DEBUG] [2018-07-18 02:51:40] Request params. start = 1, end = 640168
[INFO] [2018-07-18 02:51:42] Rank = 1, Iter = 142, Block = 0, Slice = 0
[INFO] [2018-07-18 02:51:42] Rank = 1, Alias Time used: 0.49 s 
[INFO] [2018-07-18 02:53:00] Rank = 1, Training Time used: 77.63 s 
[INFO] [2018-07-18 02:53:00] Rank = 1, sampling throughput: 29555.662806 (tokens/thread/sec) 
[DEBUG] [2018-07-18 02:53:01] Request params. start = 1, end = 640168
[INFO] [2018-07-18 02:53:03] Rank = 1, Iter = 143, Block = 0, Slice = 0
[INFO] [2018-07-18 02:53:04] Rank = 1, Alias Time used: 0.57 s 
[INFO] [2018-07-18 02:54:22] Rank = 1, Training Time used: 78.16 s 
[INFO] [2018-07-18 02:54:22] Rank = 1, sampling throughput: 29362.933129 (tokens/thread/sec) 
[DEBUG] [2018-07-18 02:54:23] Request params. start = 1, end = 640168
[INFO] [2018-07-18 02:54:25] Rank = 1, Iter = 144, Block = 0, Slice = 0
[INFO] [2018-07-18 02:54:25] Rank = 1, Alias Time used: 0.50 s 
[INFO] [2018-07-18 02:55:43] Rank = 1, Training Time used: 77.55 s 
[INFO] [2018-07-18 02:55:43] Rank = 1, sampling throughput: 29597.564119 (tokens/thread/sec) 
[DEBUG] [2018-07-18 02:55:44] Request params. start = 1, end = 640168
[INFO] [2018-07-18 02:55:46] Rank = 1, Iter = 145, Block = 0, Slice = 0
[INFO] [2018-07-18 02:55:46] Rank = 1, Alias Time used: 0.53 s 
[INFO] [2018-07-18 02:57:04] Rank = 1, Training Time used: 77.33 s 
[INFO] [2018-07-18 02:57:04] Rank = 1, sampling throughput: 29654.894112 (tokens/thread/sec) 
[INFO] [2018-07-18 02:58:50] doc likelihood : -1.478478e+08
[INFO] [2018-07-18 02:58:50] Normalized likelihood : -1.947497e+09
[INFO] [2018-07-18 02:58:50] word likelihood : 1.194708e+09
[INFO] [2018-07-18 02:58:50] Rank = 1, Evaluation Time used: 105.40 s 
[DEBUG] [2018-07-18 02:58:50] Request params. start = 1, end = 640168
[INFO] [2018-07-18 02:58:55] Rank = 1, Iter = 146, Block = 0, Slice = 0
[INFO] [2018-07-18 02:58:56] Rank = 1, Alias Time used: 0.55 s 
[INFO] [2018-07-18 03:00:13] Rank = 1, Training Time used: 77.21 s 
[INFO] [2018-07-18 03:00:13] Rank = 1, sampling throughput: 29723.983950 (tokens/thread/sec) 
[DEBUG] [2018-07-18 03:00:14] Request params. start = 1, end = 640168
[INFO] [2018-07-18 03:00:16] Rank = 1, Iter = 147, Block = 0, Slice = 0
[INFO] [2018-07-18 03:00:16] Rank = 1, Alias Time used: 0.50 s 
[INFO] [2018-07-18 03:01:34] Rank = 1, Training Time used: 77.62 s 
[INFO] [2018-07-18 03:01:34] Rank = 1, sampling throughput: 29563.272400 (tokens/thread/sec) 
[DEBUG] [2018-07-18 03:01:35] Request params. start = 1, end = 640168
[INFO] [2018-07-18 03:01:37] Rank = 1, Iter = 148, Block = 0, Slice = 0
[INFO] [2018-07-18 03:01:37] Rank = 1, Alias Time used: 0.49 s 
[INFO] [2018-07-18 03:02:55] Rank = 1, Training Time used: 77.53 s 
[INFO] [2018-07-18 03:02:55] Rank = 1, sampling throughput: 29612.830432 (tokens/thread/sec) 
[DEBUG] [2018-07-18 03:02:56] Request params. start = 1, end = 640168
[INFO] [2018-07-18 03:02:58] Rank = 1, Iter = 149, Block = 0, Slice = 0
[INFO] [2018-07-18 03:02:58] Rank = 1, Alias Time used: 0.54 s 
[INFO] [2018-07-18 03:04:16] Rank = 1, Training Time used: 77.59 s 
[INFO] [2018-07-18 03:04:16] Rank = 1, sampling throughput: 29589.936864 (tokens/thread/sec) 
[DEBUG] [2018-07-18 03:04:17] Request params. start = 1, end = 640168
[INFO] [2018-07-18 03:04:19] Rank = 1, Iter = 150, Block = 0, Slice = 0
[INFO] [2018-07-18 03:04:19] Rank = 1, Alias Time used: 0.57 s 
[INFO] [2018-07-18 03:05:37] Rank = 1, Training Time used: 77.35 s 
[INFO] [2018-07-18 03:05:37] Rank = 1, sampling throughput: 29670.219638 (tokens/thread/sec) 
[INFO] [2018-07-18 03:07:24] doc likelihood : -1.478298e+08
[INFO] [2018-07-18 03:07:24] Normalized likelihood : -1.947519e+09
[INFO] [2018-07-18 03:07:24] word likelihood : 1.195168e+09
[INFO] [2018-07-18 03:07:24] Rank = 1, Evaluation Time used: 106.69 s 
[DEBUG] [2018-07-18 03:07:24] Request params. start = 1, end = 640168
[INFO] [2018-07-18 03:07:32] Rank = 1, Iter = 151, Block = 0, Slice = 0
[INFO] [2018-07-18 03:07:33] Rank = 1, Alias Time used: 0.52 s 
[INFO] [2018-07-18 03:08:51] Rank = 1, Training Time used: 77.74 s 
[INFO] [2018-07-18 03:08:51] Rank = 1, sampling throughput: 29532.857510 (tokens/thread/sec) 
[DEBUG] [2018-07-18 03:08:52] Request params. start = 1, end = 640168
[INFO] [2018-07-18 03:08:53] Rank = 1, Iter = 152, Block = 0, Slice = 0
[INFO] [2018-07-18 03:08:54] Rank = 1, Alias Time used: 0.50 s 
[INFO] [2018-07-18 03:10:12] Rank = 1, Training Time used: 77.92 s 
[INFO] [2018-07-18 03:10:12] Rank = 1, sampling throughput: 29457.093381 (tokens/thread/sec) 
[DEBUG] [2018-07-18 03:10:13] Request params. start = 1, end = 640168
[INFO] [2018-07-18 03:10:15] Rank = 1, Iter = 153, Block = 0, Slice = 0
[INFO] [2018-07-18 03:10:15] Rank = 1, Alias Time used: 0.54 s 
[INFO] [2018-07-18 03:11:34] Rank = 1, Training Time used: 78.07 s 
[INFO] [2018-07-18 03:11:34] Rank = 1, sampling throughput: 29400.524901 (tokens/thread/sec) 
[DEBUG] [2018-07-18 03:11:34] Request params. start = 1, end = 640168
[INFO] [2018-07-18 03:11:36] Rank = 1, Iter = 154, Block = 0, Slice = 0
[INFO] [2018-07-18 03:11:37] Rank = 1, Alias Time used: 0.48 s 
[INFO] [2018-07-18 03:12:55] Rank = 1, Training Time used: 77.92 s 
[INFO] [2018-07-18 03:12:55] Rank = 1, sampling throughput: 29449.538343 (tokens/thread/sec) 
[DEBUG] [2018-07-18 03:12:56] Request params. start = 1, end = 640168
[INFO] [2018-07-18 03:12:57] Rank = 1, Iter = 155, Block = 0, Slice = 0
[INFO] [2018-07-18 03:12:58] Rank = 1, Alias Time used: 0.54 s 
[INFO] [2018-07-18 03:14:16] Rank = 1, Training Time used: 77.55 s 
[INFO] [2018-07-18 03:14:16] Rank = 1, sampling throughput: 29559.467113 (tokens/thread/sec) 
[INFO] [2018-07-18 03:16:02] doc likelihood : -1.478022e+08
[INFO] [2018-07-18 03:16:02] Normalized likelihood : -1.947550e+09
[INFO] [2018-07-18 03:16:02] word likelihood : 1.195704e+09
[INFO] [2018-07-18 03:16:02] Rank = 1, Evaluation Time used: 105.86 s 
[DEBUG] [2018-07-18 03:16:02] Request params. start = 1, end = 640168
[INFO] [2018-07-18 03:16:07] Rank = 1, Iter = 156, Block = 0, Slice = 0
[INFO] [2018-07-18 03:16:07] Rank = 1, Alias Time used: 0.48 s 
[INFO] [2018-07-18 03:17:25] Rank = 1, Training Time used: 77.62 s 
[INFO] [2018-07-18 03:17:25] Rank = 1, sampling throughput: 29567.078666 (tokens/thread/sec) 
[DEBUG] [2018-07-18 03:17:26] Request params. start = 1, end = 640168
[INFO] [2018-07-18 03:17:27] Rank = 1, Iter = 157, Block = 0, Slice = 0
[INFO] [2018-07-18 03:17:28] Rank = 1, Alias Time used: 0.57 s 
[INFO] [2018-07-18 03:18:46] Rank = 1, Training Time used: 77.28 s 
[INFO] [2018-07-18 03:18:46] Rank = 1, sampling throughput: 29700.918262 (tokens/thread/sec) 
[DEBUG] [2018-07-18 03:18:46] Request params. start = 1, end = 640168
[INFO] [2018-07-18 03:18:48] Rank = 1, Iter = 158, Block = 0, Slice = 0
[INFO] [2018-07-18 03:18:49] Rank = 1, Alias Time used: 0.53 s 
[INFO] [2018-07-18 03:20:06] Rank = 1, Training Time used: 77.04 s 
[INFO] [2018-07-18 03:20:06] Rank = 1, sampling throughput: 29785.667964 (tokens/thread/sec) 
[DEBUG] [2018-07-18 03:20:07] Request params. start = 1, end = 640168
[INFO] [2018-07-18 03:20:09] Rank = 1, Iter = 159, Block = 0, Slice = 0
[INFO] [2018-07-18 03:20:09] Rank = 1, Alias Time used: 0.49 s 
[INFO] [2018-07-18 03:21:27] Rank = 1, Training Time used: 77.10 s 
[INFO] [2018-07-18 03:21:27] Rank = 1, sampling throughput: 29739.380989 (tokens/thread/sec) 
[DEBUG] [2018-07-18 03:21:27] Request params. start = 1, end = 640168
[INFO] [2018-07-18 03:21:29] Rank = 1, Iter = 160, Block = 0, Slice = 0
[INFO] [2018-07-18 03:21:30] Rank = 1, Alias Time used: 0.52 s 
[INFO] [2018-07-18 03:22:47] Rank = 1, Training Time used: 77.14 s 
[INFO] [2018-07-18 03:22:47] Rank = 1, sampling throughput: 29720.137181 (tokens/thread/sec) 
[INFO] [2018-07-18 03:24:33] doc likelihood : -1.477854e+08
[INFO] [2018-07-18 03:24:33] Normalized likelihood : -1.947574e+09
[INFO] [2018-07-18 03:24:33] word likelihood : 1.196120e+09
[INFO] [2018-07-18 03:24:33] Rank = 1, Evaluation Time used: 105.29 s 
[DEBUG] [2018-07-18 03:24:33] Request params. start = 1, end = 640168
[INFO] [2018-07-18 03:24:38] Rank = 1, Iter = 161, Block = 0, Slice = 0
[INFO] [2018-07-18 03:24:38] Rank = 1, Alias Time used: 0.49 s 
[INFO] [2018-07-18 03:25:56] Rank = 1, Training Time used: 77.63 s 
[INFO] [2018-07-18 03:25:56] Rank = 1, sampling throughput: 29563.272400 (tokens/thread/sec) 
[DEBUG] [2018-07-18 03:25:57] Request params. start = 1, end = 640168
[INFO] [2018-07-18 03:25:59] Rank = 1, Iter = 162, Block = 0, Slice = 0
[INFO] [2018-07-18 03:25:59] Rank = 1, Alias Time used: 0.50 s 
[INFO] [2018-07-18 03:27:16] Rank = 1, Training Time used: 76.66 s 
[INFO] [2018-07-18 03:27:16] Rank = 1, sampling throughput: 29929.297537 (tokens/thread/sec) 
[DEBUG] [2018-07-18 03:27:17] Request params. start = 1, end = 640168
[INFO] [2018-07-18 03:27:19] Rank = 1, Iter = 163, Block = 0, Slice = 0
[INFO] [2018-07-18 03:27:19] Rank = 1, Alias Time used: 0.46 s 
[INFO] [2018-07-18 03:28:37] Rank = 1, Training Time used: 77.06 s 
[INFO] [2018-07-18 03:28:37] Rank = 1, sampling throughput: 29777.943465 (tokens/thread/sec) 
[DEBUG] [2018-07-18 03:28:37] Request params. start = 1, end = 640168
[INFO] [2018-07-18 03:28:39] Rank = 1, Iter = 164, Block = 0, Slice = 0
[INFO] [2018-07-18 03:28:40] Rank = 1, Alias Time used: 0.52 s 
[INFO] [2018-07-18 03:29:57] Rank = 1, Training Time used: 76.91 s 
[INFO] [2018-07-18 03:29:57] Rank = 1, sampling throughput: 29847.608526 (tokens/thread/sec) 
[DEBUG] [2018-07-18 03:29:58] Request params. start = 1, end = 640168
[INFO] [2018-07-18 03:30:00] Rank = 1, Iter = 165, Block = 0, Slice = 0
[INFO] [2018-07-18 03:30:00] Rank = 1, Alias Time used: 0.54 s 
[INFO] [2018-07-18 03:31:18] Rank = 1, Training Time used: 77.32 s 
[INFO] [2018-07-18 03:31:18] Rank = 1, sampling throughput: 29620.469496 (tokens/thread/sec) 
[INFO] [2018-07-18 03:33:04] doc likelihood : -1.477430e+08
[INFO] [2018-07-18 03:33:04] Normalized likelihood : -1.947600e+09
[INFO] [2018-07-18 03:33:04] word likelihood : 1.196664e+09
[INFO] [2018-07-18 03:33:04] Rank = 1, Evaluation Time used: 105.50 s 
[DEBUG] [2018-07-18 03:33:04] Request params. start = 1, end = 640168
[INFO] [2018-07-18 03:33:12] Rank = 1, Iter = 166, Block = 0, Slice = 0
[INFO] [2018-07-18 03:33:12] Rank = 1, Alias Time used: 0.52 s 
[INFO] [2018-07-18 03:34:30] Rank = 1, Training Time used: 76.98 s 
[INFO] [2018-07-18 03:34:30] Rank = 1, sampling throughput: 29824.350649 (tokens/thread/sec) 
[DEBUG] [2018-07-18 03:34:31] Request params. start = 1, end = 640168
[INFO] [2018-07-18 03:34:32] Rank = 1, Iter = 167, Block = 0, Slice = 0
[INFO] [2018-07-18 03:34:33] Rank = 1, Alias Time used: 0.49 s 
[INFO] [2018-07-18 03:35:51] Rank = 1, Training Time used: 77.42 s 
[INFO] [2018-07-18 03:35:51] Rank = 1, sampling throughput: 29658.724009 (tokens/thread/sec) 
[DEBUG] [2018-07-18 03:35:51] Request params. start = 1, end = 640168
[INFO] [2018-07-18 03:35:53] Rank = 1, Iter = 168, Block = 0, Slice = 0
[INFO] [2018-07-18 03:35:54] Rank = 1, Alias Time used: 0.45 s 
[INFO] [2018-07-18 03:37:11] Rank = 1, Training Time used: 77.29 s 
[INFO] [2018-07-18 03:37:11] Rank = 1, sampling throughput: 29693.237652 (tokens/thread/sec) 
[DEBUG] [2018-07-18 03:37:12] Request params. start = 1, end = 640168
[INFO] [2018-07-18 03:37:14] Rank = 1, Iter = 169, Block = 0, Slice = 0
[INFO] [2018-07-18 03:37:14] Rank = 1, Alias Time used: 0.57 s 
[INFO] [2018-07-18 03:38:32] Rank = 1, Training Time used: 76.95 s 
[INFO] [2018-07-18 03:38:32] Rank = 1, sampling throughput: 29828.224445 (tokens/thread/sec) 
[DEBUG] [2018-07-18 03:38:32] Request params. start = 1, end = 640168
[INFO] [2018-07-18 03:38:34] Rank = 1, Iter = 170, Block = 0, Slice = 0
[INFO] [2018-07-18 03:38:35] Rank = 1, Alias Time used: 0.55 s 
[INFO] [2018-07-18 03:39:52] Rank = 1, Training Time used: 76.79 s 
[INFO] [2018-07-18 03:39:52] Rank = 1, sampling throughput: 29847.608526 (tokens/thread/sec) 
[INFO] [2018-07-18 03:41:37] doc likelihood : -1.476814e+08
[INFO] [2018-07-18 03:41:38] Normalized likelihood : -1.947616e+09
[INFO] [2018-07-18 03:41:38] word likelihood : 1.196951e+09
[INFO] [2018-07-18 03:41:38] Rank = 1, Evaluation Time used: 105.32 s 
[DEBUG] [2018-07-18 03:41:38] Request params. start = 1, end = 640168
[INFO] [2018-07-18 03:41:42] Rank = 1, Iter = 171, Block = 0, Slice = 0
[INFO] [2018-07-18 03:41:43] Rank = 1, Alias Time used: 0.56 s 
[INFO] [2018-07-18 03:43:01] Rank = 1, Training Time used: 77.54 s 
[INFO] [2018-07-18 03:43:01] Rank = 1, sampling throughput: 29609.012378 (tokens/thread/sec) 
[DEBUG] [2018-07-18 03:43:02] Request params. start = 1, end = 640168
[INFO] [2018-07-18 03:43:03] Rank = 1, Iter = 172, Block = 0, Slice = 0
[INFO] [2018-07-18 03:43:04] Rank = 1, Alias Time used: 0.47 s 
[INFO] [2018-07-18 03:44:21] Rank = 1, Training Time used: 76.87 s 
[INFO] [2018-07-18 03:44:21] Rank = 1, sampling throughput: 29863.133940 (tokens/thread/sec) 
[DEBUG] [2018-07-18 03:44:22] Request params. start = 1, end = 640168
[INFO] [2018-07-18 03:44:23] Rank = 1, Iter = 173, Block = 0, Slice = 0
[INFO] [2018-07-18 03:44:24] Rank = 1, Alias Time used: 0.55 s 
[INFO] [2018-07-18 03:45:42] Rank = 1, Training Time used: 77.45 s 
[INFO] [2018-07-18 03:45:42] Rank = 1, sampling throughput: 29635.759453 (tokens/thread/sec) 
[DEBUG] [2018-07-18 03:45:43] Request params. start = 1, end = 640168
[INFO] [2018-07-18 03:45:44] Rank = 1, Iter = 174, Block = 0, Slice = 0
[INFO] [2018-07-18 03:45:45] Rank = 1, Alias Time used: 0.55 s 
[INFO] [2018-07-18 03:47:02] Rank = 1, Training Time used: 76.95 s 
[INFO] [2018-07-18 03:47:02] Rank = 1, sampling throughput: 29801.128990 (tokens/thread/sec) 
[DEBUG] [2018-07-18 03:47:03] Request params. start = 1, end = 640168
[INFO] [2018-07-18 03:47:05] Rank = 1, Iter = 175, Block = 0, Slice = 0
[INFO] [2018-07-18 03:47:05] Rank = 1, Alias Time used: 0.46 s 
[INFO] [2018-07-18 03:48:23] Rank = 1, Training Time used: 77.04 s 
[INFO] [2018-07-18 03:48:23] Rank = 1, sampling throughput: 29789.531716 (tokens/thread/sec) 
[INFO] [2018-07-18 03:50:08] doc likelihood : -1.476635e+08
[INFO] [2018-07-18 03:50:08] Normalized likelihood : -1.947649e+09
[INFO] [2018-07-18 03:50:08] word likelihood : 1.197224e+09
[INFO] [2018-07-18 03:50:08] Rank = 1, Evaluation Time used: 105.37 s 
[DEBUG] [2018-07-18 03:50:09] Request params. start = 1, end = 640168
[INFO] [2018-07-18 03:50:13] Rank = 1, Iter = 176, Block = 0, Slice = 0
[INFO] [2018-07-18 03:50:14] Rank = 1, Alias Time used: 0.47 s 
[INFO] [2018-07-18 03:51:31] Rank = 1, Training Time used: 77.05 s 
[INFO] [2018-07-18 03:51:31] Rank = 1, sampling throughput: 29777.943465 (tokens/thread/sec) 
[DEBUG] [2018-07-18 03:51:32] Request params. start = 1, end = 640168
[INFO] [2018-07-18 03:51:34] Rank = 1, Iter = 177, Block = 0, Slice = 0
[INFO] [2018-07-18 03:51:34] Rank = 1, Alias Time used: 0.52 s 
[INFO] [2018-07-18 03:52:52] Rank = 1, Training Time used: 77.26 s 
[INFO] [2018-07-18 03:52:52] Rank = 1, sampling throughput: 29708.602846 (tokens/thread/sec) 
[DEBUG] [2018-07-18 03:52:52] Request params. start = 1, end = 640168
[INFO] [2018-07-18 03:52:54] Rank = 1, Iter = 178, Block = 0, Slice = 0
[INFO] [2018-07-18 03:52:55] Rank = 1, Alias Time used: 0.51 s 
[INFO] [2018-07-18 03:54:12] Rank = 1, Training Time used: 77.28 s 
[INFO] [2018-07-18 03:54:12] Rank = 1, sampling throughput: 29689.398836 (tokens/thread/sec) 
[DEBUG] [2018-07-18 03:54:13] Request params. start = 1, end = 640168
[INFO] [2018-07-18 03:54:15] Rank = 1, Iter = 179, Block = 0, Slice = 0
[INFO] [2018-07-18 03:54:16] Rank = 1, Alias Time used: 0.57 s 
[INFO] [2018-07-18 03:55:33] Rank = 1, Training Time used: 77.66 s 
[INFO] [2018-07-18 03:55:33] Rank = 1, sampling throughput: 29563.272400 (tokens/thread/sec) 
[DEBUG] [2018-07-18 03:55:34] Request params. start = 1, end = 640168
[INFO] [2018-07-18 03:55:36] Rank = 1, Iter = 180, Block = 0, Slice = 0
[INFO] [2018-07-18 03:55:36] Rank = 1, Alias Time used: 0.57 s 
[INFO] [2018-07-18 03:56:54] Rank = 1, Training Time used: 77.09 s 
[INFO] [2018-07-18 03:56:54] Rank = 1, sampling throughput: 29758.649734 (tokens/thread/sec) 
[INFO] [2018-07-18 03:58:40] doc likelihood : -1.476414e+08
[INFO] [2018-07-18 03:58:40] Normalized likelihood : -1.947668e+09
[INFO] [2018-07-18 03:58:40] word likelihood : 1.197486e+09
[INFO] [2018-07-18 03:58:40] Rank = 1, Evaluation Time used: 105.39 s 
[DEBUG] [2018-07-18 03:58:40] Request params. start = 1, end = 640168
[INFO] [2018-07-18 03:58:48] Rank = 1, Iter = 181, Block = 0, Slice = 0
[INFO] [2018-07-18 03:58:49] Rank = 1, Alias Time used: 0.47 s 
[INFO] [2018-07-18 04:00:07] Rank = 1, Training Time used: 77.75 s 
[INFO] [2018-07-18 04:00:07] Rank = 1, sampling throughput: 29468.433209 (tokens/thread/sec) 
[DEBUG] [2018-07-18 04:00:07] Request params. start = 1, end = 640168
[INFO] [2018-07-18 04:00:09] Rank = 1, Iter = 182, Block = 0, Slice = 0
[INFO] [2018-07-18 04:00:10] Rank = 1, Alias Time used: 0.48 s 
[INFO] [2018-07-18 04:01:27] Rank = 1, Training Time used: 76.70 s 
[INFO] [2018-07-18 04:01:27] Rank = 1, sampling throughput: 29929.297537 (tokens/thread/sec) 
[DEBUG] [2018-07-18 04:01:27] Request params. start = 1, end = 640168
[INFO] [2018-07-18 04:01:29] Rank = 1, Iter = 183, Block = 0, Slice = 0
[INFO] [2018-07-18 04:01:30] Rank = 1, Alias Time used: 0.49 s 
[INFO] [2018-07-18 04:02:48] Rank = 1, Training Time used: 77.48 s 
[INFO] [2018-07-18 04:02:48] Rank = 1, sampling throughput: 29624.290506 (tokens/thread/sec) 
[DEBUG] [2018-07-18 04:02:48] Request params. start = 1, end = 640168
[INFO] [2018-07-18 04:02:50] Rank = 1, Iter = 184, Block = 0, Slice = 0
[INFO] [2018-07-18 04:02:51] Rank = 1, Alias Time used: 0.54 s 
[INFO] [2018-07-18 04:04:08] Rank = 1, Training Time used: 76.96 s 
[INFO] [2018-07-18 04:04:08] Rank = 1, sampling throughput: 29801.128990 (tokens/thread/sec) 
[DEBUG] [2018-07-18 04:04:09] Request params. start = 1, end = 640168
[INFO] [2018-07-18 04:04:10] Rank = 1, Iter = 185, Block = 0, Slice = 0
[INFO] [2018-07-18 04:04:11] Rank = 1, Alias Time used: 0.48 s 
[INFO] [2018-07-18 04:05:29] Rank = 1, Training Time used: 77.43 s 
[INFO] [2018-07-18 04:05:29] Rank = 1, sampling throughput: 29635.759453 (tokens/thread/sec) 
[INFO] [2018-07-18 04:07:15] doc likelihood : -1.476152e+08
[INFO] [2018-07-18 04:07:15] Normalized likelihood : -1.947688e+09
[INFO] [2018-07-18 04:07:15] word likelihood : 1.197753e+09
[INFO] [2018-07-18 04:07:15] Rank = 1, Evaluation Time used: 105.81 s 
[DEBUG] [2018-07-18 04:07:15] Request params. start = 1, end = 640168
[INFO] [2018-07-18 04:07:23] Rank = 1, Iter = 186, Block = 0, Slice = 0
[INFO] [2018-07-18 04:07:24] Rank = 1, Alias Time used: 0.46 s 
[INFO] [2018-07-18 04:08:41] Rank = 1, Training Time used: 77.05 s 
[INFO] [2018-07-18 04:08:41] Rank = 1, sampling throughput: 29785.667964 (tokens/thread/sec) 
[DEBUG] [2018-07-18 04:08:42] Request params. start = 1, end = 640168
[INFO] [2018-07-18 04:08:44] Rank = 1, Iter = 187, Block = 0, Slice = 0
[INFO] [2018-07-18 04:08:44] Rank = 1, Alias Time used: 0.52 s 
[INFO] [2018-07-18 04:10:02] Rank = 1, Training Time used: 77.10 s 
[INFO] [2018-07-18 04:10:02] Rank = 1, sampling throughput: 29781.805213 (tokens/thread/sec) 
[DEBUG] [2018-07-18 04:10:02] Request params. start = 1, end = 640168
[INFO] [2018-07-18 04:10:04] Rank = 1, Iter = 188, Block = 0, Slice = 0
[INFO] [2018-07-18 04:10:05] Rank = 1, Alias Time used: 0.50 s 
[INFO] [2018-07-18 04:11:22] Rank = 1, Training Time used: 76.67 s 
[INFO] [2018-07-18 04:11:22] Rank = 1, sampling throughput: 29933.198644 (tokens/thread/sec) 
[DEBUG] [2018-07-18 04:11:22] Request params. start = 1, end = 640168
[INFO] [2018-07-18 04:11:24] Rank = 1, Iter = 189, Block = 0, Slice = 0
[INFO] [2018-07-18 04:11:25] Rank = 1, Alias Time used: 0.49 s 
[INFO] [2018-07-18 04:12:42] Rank = 1, Training Time used: 77.46 s 
[INFO] [2018-07-18 04:12:43] Rank = 1, sampling throughput: 29624.290506 (tokens/thread/sec) 
[DEBUG] [2018-07-18 04:12:43] Request params. start = 1, end = 640168
[INFO] [2018-07-18 04:12:45] Rank = 1, Iter = 190, Block = 0, Slice = 0
[INFO] [2018-07-18 04:12:45] Rank = 1, Alias Time used: 0.49 s 
[INFO] [2018-07-18 04:14:03] Rank = 1, Training Time used: 77.04 s 
[INFO] [2018-07-18 04:14:03] Rank = 1, sampling throughput: 29785.667964 (tokens/thread/sec) 
[INFO] [2018-07-18 04:15:48] doc likelihood : -1.475911e+08
[INFO] [2018-07-18 04:15:48] Normalized likelihood : -1.947706e+09
[INFO] [2018-07-18 04:15:48] word likelihood : 1.197999e+09
[INFO] [2018-07-18 04:15:48] Rank = 1, Evaluation Time used: 105.09 s 
[DEBUG] [2018-07-18 04:15:49] Request params. start = 1, end = 640168
[INFO] [2018-07-18 04:15:52] Rank = 1, Iter = 191, Block = 0, Slice = 0
[INFO] [2018-07-18 04:15:53] Rank = 1, Alias Time used: 0.55 s 
[INFO] [2018-07-18 04:17:11] Rank = 1, Training Time used: 77.47 s 
[INFO] [2018-07-18 04:17:11] Rank = 1, sampling throughput: 29635.759453 (tokens/thread/sec) 
[DEBUG] [2018-07-18 04:17:11] Request params. start = 1, end = 640168
[INFO] [2018-07-18 04:17:13] Rank = 1, Iter = 192, Block = 0, Slice = 0
[INFO] [2018-07-18 04:17:14] Rank = 1, Alias Time used: 0.52 s 
[INFO] [2018-07-18 04:18:31] Rank = 1, Training Time used: 76.76 s 
[INFO] [2018-07-18 04:18:31] Rank = 1, sampling throughput: 29898.125244 (tokens/thread/sec) 
[DEBUG] [2018-07-18 04:18:31] Request params. start = 1, end = 640168
[INFO] [2018-07-18 04:18:33] Rank = 1, Iter = 193, Block = 0, Slice = 0
[INFO] [2018-07-18 04:18:34] Rank = 1, Alias Time used: 0.56 s 
[INFO] [2018-07-18 04:19:52] Rank = 1, Training Time used: 77.28 s 
[INFO] [2018-07-18 04:19:52] Rank = 1, sampling throughput: 29704.760057 (tokens/thread/sec) 
[DEBUG] [2018-07-18 04:19:52] Request params. start = 1, end = 640168
[INFO] [2018-07-18 04:19:54] Rank = 1, Iter = 194, Block = 0, Slice = 0
[INFO] [2018-07-18 04:19:55] Rank = 1, Alias Time used: 0.54 s 
[INFO] [2018-07-18 04:21:11] Rank = 1, Training Time used: 76.35 s 
[INFO] [2018-07-18 04:21:11] Rank = 1, sampling throughput: 30050.706621 (tokens/thread/sec) 
[DEBUG] [2018-07-18 04:21:12] Request params. start = 1, end = 640168
[INFO] [2018-07-18 04:21:14] Rank = 1, Iter = 195, Block = 0, Slice = 0
[INFO] [2018-07-18 04:21:15] Rank = 1, Alias Time used: 0.51 s 
[INFO] [2018-07-18 04:22:32] Rank = 1, Training Time used: 77.04 s 
[INFO] [2018-07-18 04:22:32] Rank = 1, sampling throughput: 29754.793988 (tokens/thread/sec) 
[INFO] [2018-07-18 04:24:18] doc likelihood : -1.475445e+08
[INFO] [2018-07-18 04:24:18] Normalized likelihood : -1.947721e+09
[INFO] [2018-07-18 04:24:18] word likelihood : 1.198184e+09
[INFO] [2018-07-18 04:24:18] Rank = 1, Evaluation Time used: 105.23 s 
[DEBUG] [2018-07-18 04:24:18] Request params. start = 1, end = 640168
[INFO] [2018-07-18 04:24:20] Rank = 1, Iter = 196, Block = 0, Slice = 0
[INFO] [2018-07-18 04:24:20] Rank = 1, Alias Time used: 0.52 s 
[INFO] [2018-07-18 04:25:38] Rank = 1, Training Time used: 76.83 s 
[INFO] [2018-07-18 04:25:38] Rank = 1, sampling throughput: 29874.788604 (tokens/thread/sec) 
[DEBUG] [2018-07-18 04:25:38] Request params. start = 1, end = 640168
[INFO] [2018-07-18 04:25:40] Rank = 1, Iter = 197, Block = 0, Slice = 0
[INFO] [2018-07-18 04:25:41] Rank = 1, Alias Time used: 0.51 s 
[INFO] [2018-07-18 04:26:58] Rank = 1, Training Time used: 76.93 s 
[INFO] [2018-07-18 04:26:58] Rank = 1, sampling throughput: 29812.735298 (tokens/thread/sec) 
[DEBUG] [2018-07-18 04:26:59] Request params. start = 1, end = 640168
[INFO] [2018-07-18 04:27:00] Rank = 1, Iter = 198, Block = 0, Slice = 0
[INFO] [2018-07-18 04:27:01] Rank = 1, Alias Time used: 0.45 s 
[INFO] [2018-07-18 04:28:18] Rank = 1, Training Time used: 76.85 s 
[INFO] [2018-07-18 04:28:18] Rank = 1, sampling throughput: 29878.675514 (tokens/thread/sec) 
[DEBUG] [2018-07-18 04:28:19] Request params. start = 1, end = 640168
[INFO] [2018-07-18 04:28:21] Rank = 1, Iter = 199, Block = 0, Slice = 0
[INFO] [2018-07-18 04:28:21] Rank = 1, Alias Time used: 0.49 s 
[INFO] [2018-07-18 04:29:38] Rank = 1, Training Time used: 77.02 s 
[INFO] [2018-07-18 04:29:39] Rank = 1, sampling throughput: 29785.667964 (tokens/thread/sec) 
[INFO] [2018-07-18 04:29:40] Rank 1/2: End of training.
[INFO] [2018-07-18 04:29:40] Server 1: Received close message from worker 0.
[INFO] [2018-07-18 04:29:40] Server 1: Received close message from worker 1.
[INFO] [2018-07-18 04:29:40] Server 1: Dump model...
[INFO] [2018-07-18 04:29:46] Server 1 closed.
[INFO] [2018-07-18 04:29:47] Rank 1/2: Multiverso closed successfully.
